<?xml version="1.0" encoding="UTF-8"?>
<testsuite name="jpabook.jpashop.MemberRepositoryTest" tests="1" skipped="0" failures="0" errors="0" timestamp="2021-01-28T05:14:52" hostname="DESKTOP-NVIGNRL" time="0.363">
  <properties/>
  <testcase name="testMember()" classname="jpabook.jpashop.MemberRepositoryTest" time="0.363"/>
  <system-out><![CDATA[14:14:47.764 [Test worker] DEBUG org.springframework.test.context.BootstrapUtils - Instantiating CacheAwareContextLoaderDelegate from class [org.springframework.test.context.cache.DefaultCacheAwareContextLoaderDelegate]
14:14:47.786 [Test worker] DEBUG org.springframework.test.context.BootstrapUtils - Instantiating BootstrapContext using constructor [public org.springframework.test.context.support.DefaultBootstrapContext(java.lang.Class,org.springframework.test.context.CacheAwareContextLoaderDelegate)]
14:14:47.823 [Test worker] DEBUG org.springframework.test.context.BootstrapUtils - Instantiating TestContextBootstrapper for test class [jpabook.jpashop.MemberRepositoryTest] from class [org.springframework.boot.test.context.SpringBootTestContextBootstrapper]
14:14:47.835 [Test worker] INFO org.springframework.boot.test.context.SpringBootTestContextBootstrapper - Neither @ContextConfiguration nor @ContextHierarchy found for test class [jpabook.jpashop.MemberRepositoryTest], using SpringBootContextLoader
14:14:47.840 [Test worker] DEBUG org.springframework.test.context.support.AbstractContextLoader - Did not detect default resource location for test class [jpabook.jpashop.MemberRepositoryTest]: class path resource [jpabook/jpashop/MemberRepositoryTest-context.xml] does not exist
14:14:47.842 [Test worker] DEBUG org.springframework.test.context.support.AbstractContextLoader - Did not detect default resource location for test class [jpabook.jpashop.MemberRepositoryTest]: class path resource [jpabook/jpashop/MemberRepositoryTestContext.groovy] does not exist
14:14:47.843 [Test worker] INFO org.springframework.test.context.support.AbstractContextLoader - Could not detect default resource locations for test class [jpabook.jpashop.MemberRepositoryTest]: no resource found for suffixes {-context.xml, Context.groovy}.
14:14:47.844 [Test worker] INFO org.springframework.test.context.support.AnnotationConfigContextLoaderUtils - Could not detect default configuration classes for test class [jpabook.jpashop.MemberRepositoryTest]: MemberRepositoryTest does not declare any static, non-private, non-final, nested classes annotated with @Configuration.
14:14:47.899 [Test worker] DEBUG org.springframework.test.context.support.ActiveProfilesUtils - Could not find an 'annotation declaring class' for annotation type [org.springframework.test.context.ActiveProfiles] and class [jpabook.jpashop.MemberRepositoryTest]
14:14:47.978 [Test worker] DEBUG org.springframework.context.annotation.ClassPathScanningCandidateComponentProvider - Identified candidate component class: file [C:\Users\eunbi\Desktop\jpashop\build\classes\java\main\jpabook\jpashop\JpashopApplication.class]
14:14:47.982 [Test worker] INFO org.springframework.boot.test.context.SpringBootTestContextBootstrapper - Found @SpringBootConfiguration jpabook.jpashop.JpashopApplication for test class jpabook.jpashop.MemberRepositoryTest
14:14:48.101 [Test worker] DEBUG org.springframework.boot.test.context.SpringBootTestContextBootstrapper - @TestExecutionListeners is not present for class [jpabook.jpashop.MemberRepositoryTest]: using defaults.
14:14:48.102 [Test worker] INFO org.springframework.boot.test.context.SpringBootTestContextBootstrapper - Loaded default TestExecutionListener class names from location [META-INF/spring.factories]: [org.springframework.boot.test.autoconfigure.restdocs.RestDocsTestExecutionListener, org.springframework.boot.test.autoconfigure.web.client.MockRestServiceServerResetTestExecutionListener, org.springframework.boot.test.autoconfigure.web.servlet.MockMvcPrintOnlyOnFailureTestExecutionListener, org.springframework.boot.test.autoconfigure.web.servlet.WebDriverTestExecutionListener, org.springframework.boot.test.autoconfigure.webservices.client.MockWebServiceServerTestExecutionListener, org.springframework.boot.test.mock.mockito.MockitoTestExecutionListener, org.springframework.boot.test.mock.mockito.ResetMocksTestExecutionListener, org.springframework.test.context.web.ServletTestExecutionListener, org.springframework.test.context.support.DirtiesContextBeforeModesTestExecutionListener, org.springframework.test.context.event.ApplicationEventsTestExecutionListener, org.springframework.test.context.support.DependencyInjectionTestExecutionListener, org.springframework.test.context.support.DirtiesContextTestExecutionListener, org.springframework.test.context.transaction.TransactionalTestExecutionListener, org.springframework.test.context.jdbc.SqlScriptsTestExecutionListener, org.springframework.test.context.event.EventPublishingTestExecutionListener]
14:14:48.122 [Test worker] INFO org.springframework.boot.test.context.SpringBootTestContextBootstrapper - Using TestExecutionListeners: [org.springframework.test.context.web.ServletTestExecutionListener@ba7e5f9, org.springframework.test.context.support.DirtiesContextBeforeModesTestExecutionListener@5ae8905, org.springframework.test.context.event.ApplicationEventsTestExecutionListener@5655664e, org.springframework.boot.test.mock.mockito.MockitoTestExecutionListener@72ca5770, org.springframework.boot.test.autoconfigure.SpringBootDependencyInjectionTestExecutionListener@4676fcfd, org.springframework.test.context.support.DirtiesContextTestExecutionListener@37e1b397, org.springframework.test.context.transaction.TransactionalTestExecutionListener@4a7bc433, org.springframework.test.context.jdbc.SqlScriptsTestExecutionListener@6a2a7bdb, org.springframework.test.context.event.EventPublishingTestExecutionListener@1b4ae377, org.springframework.boot.test.autoconfigure.restdocs.RestDocsTestExecutionListener@210d9682, org.springframework.boot.test.autoconfigure.web.client.MockRestServiceServerResetTestExecutionListener@354394cc, org.springframework.boot.test.autoconfigure.web.servlet.MockMvcPrintOnlyOnFailureTestExecutionListener@c0ec51c, org.springframework.boot.test.autoconfigure.web.servlet.WebDriverTestExecutionListener@4013deb1, org.springframework.boot.test.autoconfigure.webservices.client.MockWebServiceServerTestExecutionListener@de7f9b7, org.springframework.boot.test.mock.mockito.ResetMocksTestExecutionListener@242bf933]
14:14:48.127 [Test worker] DEBUG org.springframework.test.context.support.AbstractDirtiesContextTestExecutionListener - Before test class: context [DefaultTestContext@2af88d9b testClass = MemberRepositoryTest, testInstance = [null], testMethod = [null], testException = [null], mergedContextConfiguration = [WebMergedContextConfiguration@772ce0a testClass = MemberRepositoryTest, locations = '{}', classes = '{class jpabook.jpashop.JpashopApplication}', contextInitializerClasses = '[]', activeProfiles = '{}', propertySourceLocations = '{}', propertySourceProperties = '{org.springframework.boot.test.context.SpringBootTestContextBootstrapper=true}', contextCustomizers = set[org.springframework.boot.test.autoconfigure.actuate.metrics.MetricsExportContextCustomizerFactory$DisableMetricExportContextCustomizer@75b67246, org.springframework.boot.test.autoconfigure.properties.PropertyMappingContextCustomizer@0, org.springframework.boot.test.autoconfigure.web.servlet.WebDriverContextCustomizerFactory$Customizer@70093d9d, org.springframework.boot.test.context.filter.ExcludeFilterContextCustomizer@47ae0a5d, org.springframework.boot.test.json.DuplicateJsonObjectContextCustomizerFactory$DuplicateJsonObjectContextCustomizer@6b94c0f4, org.springframework.boot.test.mock.mockito.MockitoContextCustomizer@0, org.springframework.boot.test.web.client.TestRestTemplateContextCustomizer@123d5210, org.springframework.boot.test.context.SpringBootTestArgs@1, org.springframework.boot.test.context.SpringBootTestWebEnvironment@10e1ccaf], resourceBasePath = 'src/main/webapp', contextLoader = 'org.springframework.boot.test.context.SpringBootContextLoader', parent = [null]], attributes = map['org.springframework.test.context.web.ServletTestExecutionListener.activateListener' -> true]], class annotated with @DirtiesContext [false] with mode [null].
14:14:48.167 [Test worker] DEBUG org.springframework.test.context.support.TestPropertySourceUtils - Adding inlined properties to environment: {spring.jmx.enabled=false, org.springframework.boot.test.context.SpringBootTestContextBootstrapper=true}

  .   ____          _            __ _ _
 /\\ / ___'_ __ _ _(_)_ __  __ _ \ \ \ \
( ( )\___ | '_ | '_| | '_ \/ _` | \ \ \ \
 \\/  ___)| |_)| | | | | || (_| |  ) ) ) )
  '  |____| .__|_| |_|_| |_\__, | / / / /
 =========|_|==============|___/=/_/_/_/
 :: Spring Boot ::                (v2.4.2)

2021-01-28 14:14:48.581  INFO 15560 --- [    Test worker] jpabook.jpashop.MemberRepositoryTest     : Starting MemberRepositoryTest using Java 12.0.2 on DESKTOP-NVIGNRL with PID 15560 (started by eunbi in C:\Users\eunbi\Desktop\jpashop)
2021-01-28 14:14:48.583  INFO 15560 --- [    Test worker] jpabook.jpashop.MemberRepositoryTest     : No active profile set, falling back to default profiles: default
2021-01-28 14:14:49.435  INFO 15560 --- [    Test worker] .s.d.r.c.RepositoryConfigurationDelegate : Bootstrapping Spring Data JPA repositories in DEFAULT mode.
2021-01-28 14:14:49.450  INFO 15560 --- [    Test worker] .s.d.r.c.RepositoryConfigurationDelegate : Finished Spring Data repository scanning in 6 ms. Found 0 JPA repository interfaces.
2021-01-28 14:14:50.227  INFO 15560 --- [    Test worker] o.hibernate.jpa.internal.util.LogHelper  : HHH000204: Processing PersistenceUnitInfo [name: default]
2021-01-28 14:14:50.304  INFO 15560 --- [    Test worker] org.hibernate.Version                    : HHH000412: Hibernate ORM core version 5.4.27.Final
2021-01-28 14:14:50.490  INFO 15560 --- [    Test worker] o.hibernate.annotations.common.Version   : HCANN000001: Hibernate Commons Annotations {5.1.2.Final}
2021-01-28 14:14:50.534 DEBUG 15560 --- [    Test worker] org.hibernate.type.BasicTypeRegistry     : Adding type registration boolean -> org.hibernate.type.BooleanType@577753bc
2021-01-28 14:14:50.535 DEBUG 15560 --- [    Test worker] org.hibernate.type.BasicTypeRegistry     : Adding type registration boolean -> org.hibernate.type.BooleanType@577753bc
2021-01-28 14:14:50.535 DEBUG 15560 --- [    Test worker] org.hibernate.type.BasicTypeRegistry     : Adding type registration java.lang.Boolean -> org.hibernate.type.BooleanType@577753bc
2021-01-28 14:14:50.536 DEBUG 15560 --- [    Test worker] org.hibernate.type.BasicTypeRegistry     : Adding type registration numeric_boolean -> org.hibernate.type.NumericBooleanType@19fe8e46
2021-01-28 14:14:50.536 DEBUG 15560 --- [    Test worker] org.hibernate.type.BasicTypeRegistry     : Adding type registration true_false -> org.hibernate.type.TrueFalseType@553dc036
2021-01-28 14:14:50.537 DEBUG 15560 --- [    Test worker] org.hibernate.type.BasicTypeRegistry     : Adding type registration yes_no -> org.hibernate.type.YesNoType@33a84419
2021-01-28 14:14:50.538 DEBUG 15560 --- [    Test worker] org.hibernate.type.BasicTypeRegistry     : Adding type registration byte -> org.hibernate.type.ByteType@51f2fe2f
2021-01-28 14:14:50.539 DEBUG 15560 --- [    Test worker] org.hibernate.type.BasicTypeRegistry     : Adding type registration byte -> org.hibernate.type.ByteType@51f2fe2f
2021-01-28 14:14:50.539 DEBUG 15560 --- [    Test worker] org.hibernate.type.BasicTypeRegistry     : Adding type registration java.lang.Byte -> org.hibernate.type.ByteType@51f2fe2f
2021-01-28 14:14:50.542 DEBUG 15560 --- [    Test worker] org.hibernate.type.BasicTypeRegistry     : Adding type registration character -> org.hibernate.type.CharacterType@f6f0843
2021-01-28 14:14:50.542 DEBUG 15560 --- [    Test worker] org.hibernate.type.BasicTypeRegistry     : Adding type registration char -> org.hibernate.type.CharacterType@f6f0843
2021-01-28 14:14:50.543 DEBUG 15560 --- [    Test worker] org.hibernate.type.BasicTypeRegistry     : Adding type registration java.lang.Character -> org.hibernate.type.CharacterType@f6f0843
2021-01-28 14:14:50.545 DEBUG 15560 --- [    Test worker] org.hibernate.type.BasicTypeRegistry     : Adding type registration short -> org.hibernate.type.ShortType@54fa3e6c
2021-01-28 14:14:50.545 DEBUG 15560 --- [    Test worker] org.hibernate.type.BasicTypeRegistry     : Adding type registration short -> org.hibernate.type.ShortType@54fa3e6c
2021-01-28 14:14:50.546 DEBUG 15560 --- [    Test worker] org.hibernate.type.BasicTypeRegistry     : Adding type registration java.lang.Short -> org.hibernate.type.ShortType@54fa3e6c
2021-01-28 14:14:50.547 DEBUG 15560 --- [    Test worker] org.hibernate.type.BasicTypeRegistry     : Adding type registration integer -> org.hibernate.type.IntegerType@45312440
2021-01-28 14:14:50.548 DEBUG 15560 --- [    Test worker] org.hibernate.type.BasicTypeRegistry     : Adding type registration int -> org.hibernate.type.IntegerType@45312440
2021-01-28 14:14:50.548 DEBUG 15560 --- [    Test worker] org.hibernate.type.BasicTypeRegistry     : Adding type registration java.lang.Integer -> org.hibernate.type.IntegerType@45312440
2021-01-28 14:14:50.549 DEBUG 15560 --- [    Test worker] org.hibernate.type.BasicTypeRegistry     : Adding type registration long -> org.hibernate.type.LongType@3c64aafd
2021-01-28 14:14:50.549 DEBUG 15560 --- [    Test worker] org.hibernate.type.BasicTypeRegistry     : Adding type registration long -> org.hibernate.type.LongType@3c64aafd
2021-01-28 14:14:50.550 DEBUG 15560 --- [    Test worker] org.hibernate.type.BasicTypeRegistry     : Adding type registration java.lang.Long -> org.hibernate.type.LongType@3c64aafd
2021-01-28 14:14:50.551 DEBUG 15560 --- [    Test worker] org.hibernate.type.BasicTypeRegistry     : Adding type registration float -> org.hibernate.type.FloatType@7c1b5fee
2021-01-28 14:14:50.551 DEBUG 15560 --- [    Test worker] org.hibernate.type.BasicTypeRegistry     : Adding type registration float -> org.hibernate.type.FloatType@7c1b5fee
2021-01-28 14:14:50.551 DEBUG 15560 --- [    Test worker] org.hibernate.type.BasicTypeRegistry     : Adding type registration java.lang.Float -> org.hibernate.type.FloatType@7c1b5fee
2021-01-28 14:14:50.552 DEBUG 15560 --- [    Test worker] org.hibernate.type.BasicTypeRegistry     : Adding type registration double -> org.hibernate.type.DoubleType@51778a0f
2021-01-28 14:14:50.553 DEBUG 15560 --- [    Test worker] org.hibernate.type.BasicTypeRegistry     : Adding type registration double -> org.hibernate.type.DoubleType@51778a0f
2021-01-28 14:14:50.553 DEBUG 15560 --- [    Test worker] org.hibernate.type.BasicTypeRegistry     : Adding type registration java.lang.Double -> org.hibernate.type.DoubleType@51778a0f
2021-01-28 14:14:50.554 DEBUG 15560 --- [    Test worker] org.hibernate.type.BasicTypeRegistry     : Adding type registration big_decimal -> org.hibernate.type.BigDecimalType@20b2d29d
2021-01-28 14:14:50.554 DEBUG 15560 --- [    Test worker] org.hibernate.type.BasicTypeRegistry     : Adding type registration java.math.BigDecimal -> org.hibernate.type.BigDecimalType@20b2d29d
2021-01-28 14:14:50.557 DEBUG 15560 --- [    Test worker] org.hibernate.type.BasicTypeRegistry     : Adding type registration big_integer -> org.hibernate.type.BigIntegerType@7eaeb5ba
2021-01-28 14:14:50.558 DEBUG 15560 --- [    Test worker] org.hibernate.type.BasicTypeRegistry     : Adding type registration java.math.BigInteger -> org.hibernate.type.BigIntegerType@7eaeb5ba
2021-01-28 14:14:50.559 DEBUG 15560 --- [    Test worker] org.hibernate.type.BasicTypeRegistry     : Adding type registration string -> org.hibernate.type.StringType@3fee9900
2021-01-28 14:14:50.560 DEBUG 15560 --- [    Test worker] org.hibernate.type.BasicTypeRegistry     : Adding type registration java.lang.String -> org.hibernate.type.StringType@3fee9900
2021-01-28 14:14:50.560 DEBUG 15560 --- [    Test worker] org.hibernate.type.BasicTypeRegistry     : Adding type registration nstring -> org.hibernate.type.StringNVarcharType@3a3c1b8d
2021-01-28 14:14:50.561 DEBUG 15560 --- [    Test worker] org.hibernate.type.BasicTypeRegistry     : Adding type registration ncharacter -> org.hibernate.type.CharacterNCharType@2dcc4d3c
2021-01-28 14:14:50.562 DEBUG 15560 --- [    Test worker] org.hibernate.type.BasicTypeRegistry     : Adding type registration url -> org.hibernate.type.UrlType@5e6333da
2021-01-28 14:14:50.562 DEBUG 15560 --- [    Test worker] org.hibernate.type.BasicTypeRegistry     : Adding type registration java.net.URL -> org.hibernate.type.UrlType@5e6333da
2021-01-28 14:14:50.563 DEBUG 15560 --- [    Test worker] org.hibernate.type.BasicTypeRegistry     : Adding type registration Duration -> org.hibernate.type.DurationType@24be5567
2021-01-28 14:14:50.564 DEBUG 15560 --- [    Test worker] org.hibernate.type.BasicTypeRegistry     : Adding type registration java.time.Duration -> org.hibernate.type.DurationType@24be5567
2021-01-28 14:14:50.565 DEBUG 15560 --- [    Test worker] org.hibernate.type.BasicTypeRegistry     : Adding type registration Instant -> org.hibernate.type.InstantType@5dc418a6
2021-01-28 14:14:50.565 DEBUG 15560 --- [    Test worker] org.hibernate.type.BasicTypeRegistry     : Adding type registration java.time.Instant -> org.hibernate.type.InstantType@5dc418a6
2021-01-28 14:14:50.566 DEBUG 15560 --- [    Test worker] org.hibernate.type.BasicTypeRegistry     : Adding type registration LocalDateTime -> org.hibernate.type.LocalDateTimeType@7050d363
2021-01-28 14:14:50.566 DEBUG 15560 --- [    Test worker] org.hibernate.type.BasicTypeRegistry     : Adding type registration java.time.LocalDateTime -> org.hibernate.type.LocalDateTimeType@7050d363
2021-01-28 14:14:50.567 DEBUG 15560 --- [    Test worker] org.hibernate.type.BasicTypeRegistry     : Adding type registration LocalDate -> org.hibernate.type.LocalDateType@306a6c96
2021-01-28 14:14:50.567 DEBUG 15560 --- [    Test worker] org.hibernate.type.BasicTypeRegistry     : Adding type registration java.time.LocalDate -> org.hibernate.type.LocalDateType@306a6c96
2021-01-28 14:14:50.568 DEBUG 15560 --- [    Test worker] org.hibernate.type.BasicTypeRegistry     : Adding type registration LocalTime -> org.hibernate.type.LocalTimeType@274edaf3
2021-01-28 14:14:50.568 DEBUG 15560 --- [    Test worker] org.hibernate.type.BasicTypeRegistry     : Adding type registration java.time.LocalTime -> org.hibernate.type.LocalTimeType@274edaf3
2021-01-28 14:14:50.573 DEBUG 15560 --- [    Test worker] org.hibernate.type.BasicTypeRegistry     : Adding type registration OffsetDateTime -> org.hibernate.type.OffsetDateTimeType@1515ddd
2021-01-28 14:14:50.573 DEBUG 15560 --- [    Test worker] org.hibernate.type.BasicTypeRegistry     : Adding type registration java.time.OffsetDateTime -> org.hibernate.type.OffsetDateTimeType@1515ddd
2021-01-28 14:14:50.576 DEBUG 15560 --- [    Test worker] org.hibernate.type.BasicTypeRegistry     : Adding type registration OffsetTime -> org.hibernate.type.OffsetTimeType@7e442ba1
2021-01-28 14:14:50.577 DEBUG 15560 --- [    Test worker] org.hibernate.type.BasicTypeRegistry     : Adding type registration java.time.OffsetTime -> org.hibernate.type.OffsetTimeType@7e442ba1
2021-01-28 14:14:50.579 DEBUG 15560 --- [    Test worker] org.hibernate.type.BasicTypeRegistry     : Adding type registration ZonedDateTime -> org.hibernate.type.ZonedDateTimeType@18a31a6d
2021-01-28 14:14:50.580 DEBUG 15560 --- [    Test worker] org.hibernate.type.BasicTypeRegistry     : Adding type registration java.time.ZonedDateTime -> org.hibernate.type.ZonedDateTimeType@18a31a6d
2021-01-28 14:14:50.582 DEBUG 15560 --- [    Test worker] org.hibernate.type.BasicTypeRegistry     : Adding type registration date -> org.hibernate.type.DateType@dfee508
2021-01-28 14:14:50.582 DEBUG 15560 --- [    Test worker] org.hibernate.type.BasicTypeRegistry     : Adding type registration java.sql.Date -> org.hibernate.type.DateType@dfee508
2021-01-28 14:14:50.584 DEBUG 15560 --- [    Test worker] org.hibernate.type.BasicTypeRegistry     : Adding type registration time -> org.hibernate.type.TimeType@6dd998fe
2021-01-28 14:14:50.584 DEBUG 15560 --- [    Test worker] org.hibernate.type.BasicTypeRegistry     : Adding type registration java.sql.Time -> org.hibernate.type.TimeType@6dd998fe
2021-01-28 14:14:50.585 DEBUG 15560 --- [    Test worker] org.hibernate.type.BasicTypeRegistry     : Adding type registration timestamp -> org.hibernate.type.TimestampType@6cd85a1c
2021-01-28 14:14:50.585 DEBUG 15560 --- [    Test worker] org.hibernate.type.BasicTypeRegistry     : Adding type registration java.sql.Timestamp -> org.hibernate.type.TimestampType@6cd85a1c
2021-01-28 14:14:50.585 DEBUG 15560 --- [    Test worker] org.hibernate.type.BasicTypeRegistry     : Adding type registration java.util.Date -> org.hibernate.type.TimestampType@6cd85a1c
2021-01-28 14:14:50.587 DEBUG 15560 --- [    Test worker] org.hibernate.type.BasicTypeRegistry     : Adding type registration dbtimestamp -> org.hibernate.type.DbTimestampType@7a6605e
2021-01-28 14:14:50.589 DEBUG 15560 --- [    Test worker] org.hibernate.type.BasicTypeRegistry     : Adding type registration calendar -> org.hibernate.type.CalendarType@3be17121
2021-01-28 14:14:50.589 DEBUG 15560 --- [    Test worker] org.hibernate.type.BasicTypeRegistry     : Adding type registration java.util.Calendar -> org.hibernate.type.CalendarType@3be17121
2021-01-28 14:14:50.589 DEBUG 15560 --- [    Test worker] org.hibernate.type.BasicTypeRegistry     : Adding type registration java.util.GregorianCalendar -> org.hibernate.type.CalendarType@3be17121
2021-01-28 14:14:50.590 DEBUG 15560 --- [    Test worker] org.hibernate.type.BasicTypeRegistry     : Adding type registration calendar_date -> org.hibernate.type.CalendarDateType@182bfb78
2021-01-28 14:14:50.591 DEBUG 15560 --- [    Test worker] org.hibernate.type.BasicTypeRegistry     : Adding type registration calendar_time -> org.hibernate.type.CalendarTimeType@2b9d7457
2021-01-28 14:14:50.592 DEBUG 15560 --- [    Test worker] org.hibernate.type.BasicTypeRegistry     : Adding type registration locale -> org.hibernate.type.LocaleType@34b964a2
2021-01-28 14:14:50.593 DEBUG 15560 --- [    Test worker] org.hibernate.type.BasicTypeRegistry     : Adding type registration java.util.Locale -> org.hibernate.type.LocaleType@34b964a2
2021-01-28 14:14:50.594 DEBUG 15560 --- [    Test worker] org.hibernate.type.BasicTypeRegistry     : Adding type registration currency -> org.hibernate.type.CurrencyType@42b3a807
2021-01-28 14:14:50.594 DEBUG 15560 --- [    Test worker] org.hibernate.type.BasicTypeRegistry     : Adding type registration java.util.Currency -> org.hibernate.type.CurrencyType@42b3a807
2021-01-28 14:14:50.595 DEBUG 15560 --- [    Test worker] org.hibernate.type.BasicTypeRegistry     : Adding type registration timezone -> org.hibernate.type.TimeZoneType@fbb53b2
2021-01-28 14:14:50.595 DEBUG 15560 --- [    Test worker] org.hibernate.type.BasicTypeRegistry     : Adding type registration java.util.TimeZone -> org.hibernate.type.TimeZoneType@fbb53b2
2021-01-28 14:14:50.596 DEBUG 15560 --- [    Test worker] org.hibernate.type.BasicTypeRegistry     : Adding type registration class -> org.hibernate.type.ClassType@d958ee0
2021-01-28 14:14:50.596 DEBUG 15560 --- [    Test worker] org.hibernate.type.BasicTypeRegistry     : Adding type registration java.lang.Class -> org.hibernate.type.ClassType@d958ee0
2021-01-28 14:14:50.597 DEBUG 15560 --- [    Test worker] org.hibernate.type.BasicTypeRegistry     : Adding type registration uuid-binary -> org.hibernate.type.UUIDBinaryType@25e2fab3
2021-01-28 14:14:50.597 DEBUG 15560 --- [    Test worker] org.hibernate.type.BasicTypeRegistry     : Adding type registration java.util.UUID -> org.hibernate.type.UUIDBinaryType@25e2fab3
2021-01-28 14:14:50.597 DEBUG 15560 --- [    Test worker] org.hibernate.type.BasicTypeRegistry     : Adding type registration uuid-char -> org.hibernate.type.UUIDCharType@631ac96d
2021-01-28 14:14:50.598 DEBUG 15560 --- [    Test worker] org.hibernate.type.BasicTypeRegistry     : Adding type registration binary -> org.hibernate.type.BinaryType@65e1f2f0
2021-01-28 14:14:50.598 DEBUG 15560 --- [    Test worker] org.hibernate.type.BasicTypeRegistry     : Adding type registration byte[] -> org.hibernate.type.BinaryType@65e1f2f0
2021-01-28 14:14:50.598 DEBUG 15560 --- [    Test worker] org.hibernate.type.BasicTypeRegistry     : Adding type registration [B -> org.hibernate.type.BinaryType@65e1f2f0
2021-01-28 14:14:50.599 DEBUG 15560 --- [    Test worker] org.hibernate.type.BasicTypeRegistry     : Adding type registration wrapper-binary -> org.hibernate.type.WrapperBinaryType@40ecb694
2021-01-28 14:14:50.599 DEBUG 15560 --- [    Test worker] org.hibernate.type.BasicTypeRegistry     : Adding type registration Byte[] -> org.hibernate.type.WrapperBinaryType@40ecb694
2021-01-28 14:14:50.599 DEBUG 15560 --- [    Test worker] org.hibernate.type.BasicTypeRegistry     : Adding type registration [Ljava.lang.Byte; -> org.hibernate.type.WrapperBinaryType@40ecb694
2021-01-28 14:14:50.600 DEBUG 15560 --- [    Test worker] org.hibernate.type.BasicTypeRegistry     : Adding type registration row_version -> org.hibernate.type.RowVersionType@319060fb
2021-01-28 14:14:50.601 DEBUG 15560 --- [    Test worker] org.hibernate.type.BasicTypeRegistry     : Adding type registration image -> org.hibernate.type.ImageType@568e28d0
2021-01-28 14:14:50.602 DEBUG 15560 --- [    Test worker] org.hibernate.type.BasicTypeRegistry     : Adding type registration characters -> org.hibernate.type.CharArrayType@19a35fcc
2021-01-28 14:14:50.602 DEBUG 15560 --- [    Test worker] org.hibernate.type.BasicTypeRegistry     : Adding type registration char[] -> org.hibernate.type.CharArrayType@19a35fcc
2021-01-28 14:14:50.602 DEBUG 15560 --- [    Test worker] org.hibernate.type.BasicTypeRegistry     : Adding type registration [C -> org.hibernate.type.CharArrayType@19a35fcc
2021-01-28 14:14:50.603 DEBUG 15560 --- [    Test worker] org.hibernate.type.BasicTypeRegistry     : Adding type registration wrapper-characters -> org.hibernate.type.CharacterArrayType@63621df5
2021-01-28 14:14:50.603 DEBUG 15560 --- [    Test worker] org.hibernate.type.BasicTypeRegistry     : Adding type registration [Ljava.lang.Character; -> org.hibernate.type.CharacterArrayType@63621df5
2021-01-28 14:14:50.603 DEBUG 15560 --- [    Test worker] org.hibernate.type.BasicTypeRegistry     : Adding type registration Character[] -> org.hibernate.type.CharacterArrayType@63621df5
2021-01-28 14:14:50.604 DEBUG 15560 --- [    Test worker] org.hibernate.type.BasicTypeRegistry     : Adding type registration text -> org.hibernate.type.TextType@3374a212
2021-01-28 14:14:50.604 DEBUG 15560 --- [    Test worker] org.hibernate.type.BasicTypeRegistry     : Adding type registration ntext -> org.hibernate.type.NTextType@32b5dfbf
2021-01-28 14:14:50.606 DEBUG 15560 --- [    Test worker] org.hibernate.type.BasicTypeRegistry     : Adding type registration blob -> org.hibernate.type.BlobType@379a14e
2021-01-28 14:14:50.606 DEBUG 15560 --- [    Test worker] org.hibernate.type.BasicTypeRegistry     : Adding type registration java.sql.Blob -> org.hibernate.type.BlobType@379a14e
2021-01-28 14:14:50.607 DEBUG 15560 --- [    Test worker] org.hibernate.type.BasicTypeRegistry     : Adding type registration materialized_blob -> org.hibernate.type.MaterializedBlobType@67484380
2021-01-28 14:14:50.608 DEBUG 15560 --- [    Test worker] org.hibernate.type.BasicTypeRegistry     : Adding type registration clob -> org.hibernate.type.ClobType@2d13e416
2021-01-28 14:14:50.608 DEBUG 15560 --- [    Test worker] org.hibernate.type.BasicTypeRegistry     : Adding type registration java.sql.Clob -> org.hibernate.type.ClobType@2d13e416
2021-01-28 14:14:50.610 DEBUG 15560 --- [    Test worker] org.hibernate.type.BasicTypeRegistry     : Adding type registration nclob -> org.hibernate.type.NClobType@27bcebed
2021-01-28 14:14:50.611 DEBUG 15560 --- [    Test worker] org.hibernate.type.BasicTypeRegistry     : Adding type registration java.sql.NClob -> org.hibernate.type.NClobType@27bcebed
2021-01-28 14:14:50.611 DEBUG 15560 --- [    Test worker] org.hibernate.type.BasicTypeRegistry     : Adding type registration materialized_clob -> org.hibernate.type.MaterializedClobType@f51f4d1
2021-01-28 14:14:50.612 DEBUG 15560 --- [    Test worker] org.hibernate.type.BasicTypeRegistry     : Adding type registration materialized_nclob -> org.hibernate.type.MaterializedNClobType@25c32ed1
2021-01-28 14:14:50.613 DEBUG 15560 --- [    Test worker] org.hibernate.type.BasicTypeRegistry     : Adding type registration serializable -> org.hibernate.type.SerializableType@7d07ee7
2021-01-28 14:14:50.616 DEBUG 15560 --- [    Test worker] org.hibernate.type.BasicTypeRegistry     : Adding type registration object -> org.hibernate.type.ObjectType@3629dd15
2021-01-28 14:14:50.616 DEBUG 15560 --- [    Test worker] org.hibernate.type.BasicTypeRegistry     : Adding type registration java.lang.Object -> org.hibernate.type.ObjectType@3629dd15
2021-01-28 14:14:50.617 DEBUG 15560 --- [    Test worker] org.hibernate.type.BasicTypeRegistry     : Adding type registration imm_date -> org.hibernate.type.AdaptedImmutableType@1db13067
2021-01-28 14:14:50.617 DEBUG 15560 --- [    Test worker] org.hibernate.type.BasicTypeRegistry     : Adding type registration imm_time -> org.hibernate.type.AdaptedImmutableType@42d2dc95
2021-01-28 14:14:50.618 DEBUG 15560 --- [    Test worker] org.hibernate.type.BasicTypeRegistry     : Adding type registration imm_timestamp -> org.hibernate.type.AdaptedImmutableType@782da59f
2021-01-28 14:14:50.618 DEBUG 15560 --- [    Test worker] org.hibernate.type.BasicTypeRegistry     : Adding type registration imm_dbtimestamp -> org.hibernate.type.AdaptedImmutableType@59c1df04
2021-01-28 14:14:50.618 DEBUG 15560 --- [    Test worker] org.hibernate.type.BasicTypeRegistry     : Adding type registration imm_calendar -> org.hibernate.type.AdaptedImmutableType@4d67ee53
2021-01-28 14:14:50.618 DEBUG 15560 --- [    Test worker] org.hibernate.type.BasicTypeRegistry     : Adding type registration imm_calendar_date -> org.hibernate.type.AdaptedImmutableType@1905b51e
2021-01-28 14:14:50.618 DEBUG 15560 --- [    Test worker] org.hibernate.type.BasicTypeRegistry     : Adding type registration imm_binary -> org.hibernate.type.AdaptedImmutableType@c91fafc
2021-01-28 14:14:50.618 DEBUG 15560 --- [    Test worker] org.hibernate.type.BasicTypeRegistry     : Adding type registration imm_serializable -> org.hibernate.type.AdaptedImmutableType@5bff3d95
2021-01-28 14:14:50.676  INFO 15560 --- [    Test worker] com.zaxxer.hikari.HikariDataSource       : HikariPool-1 - Starting...
2021-01-28 14:14:50.754  INFO 15560 --- [    Test worker] com.zaxxer.hikari.HikariDataSource       : HikariPool-1 - Start completed.
2021-01-28 14:14:50.794  INFO 15560 --- [    Test worker] org.hibernate.dialect.Dialect            : HHH000400: Using dialect: org.hibernate.dialect.H2Dialect
2021-01-28 14:14:50.859 DEBUG 15560 --- [    Test worker] o.h.type.spi.TypeConfiguration$Scope     : Scoping TypeConfiguration [org.hibernate.type.spi.TypeConfiguration@383ac210] to MetadataBuildingContext [org.hibernate.boot.internal.MetadataBuildingContextRootImpl@26a114bf]
2021-01-28 14:14:51.103 DEBUG 15560 --- [    Test worker] o.h.type.spi.TypeConfiguration$Scope     : Scoping TypeConfiguration [org.hibernate.type.spi.TypeConfiguration@383ac210] to SessionFactoryImpl [org.hibernate.internal.SessionFactoryImpl@673680d9]
2021-01-28 14:14:51.403 DEBUG 15560 --- [    Test worker] org.hibernate.SQL                        : 
    
    drop table if exists member CASCADE 
2021-01-28 14:14:51.407  INFO 15560 --- [    Test worker] p6spy                                    : #1611810891406 | took 1ms | statement | connection 1| url jdbc:h2:tcp://localhost/~/jpashop

    drop table if exists member CASCADE 

    drop table if exists member CASCADE ;
2021-01-28 14:14:51.407 DEBUG 15560 --- [    Test worker] org.hibernate.SQL                        : 
    
    drop sequence if exists hibernate_sequence
2021-01-28 14:14:51.408  INFO 15560 --- [    Test worker] p6spy                                    : #1611810891408 | took 0ms | statement | connection 1| url jdbc:h2:tcp://localhost/~/jpashop

    drop sequence if exists hibernate_sequence

    drop sequence if exists hibernate_sequence;
2021-01-28 14:14:51.411 DEBUG 15560 --- [    Test worker] org.hibernate.SQL                        : create sequence hibernate_sequence start with 1 increment by 1
2021-01-28 14:14:51.412  INFO 15560 --- [    Test worker] p6spy                                    : #1611810891412 | took 0ms | statement | connection 2| url jdbc:h2:tcp://localhost/~/jpashop
create sequence hibernate_sequence start with 1 increment by 1
create sequence hibernate_sequence start with 1 increment by 1;
2021-01-28 14:14:51.413 DEBUG 15560 --- [    Test worker] org.hibernate.SQL                        : 
    
    create table member (
       id bigint not null,
        username varchar(255),
        primary key (id)
    )
2021-01-28 14:14:51.414  INFO 15560 --- [    Test worker] p6spy                                    : #1611810891414 | took 0ms | statement | connection 2| url jdbc:h2:tcp://localhost/~/jpashop

    create table member (
       id bigint not null,
        username varchar(255),
        primary key (id)
    )

    create table member (
       id bigint not null,
        username varchar(255),
        primary key (id)
    );
2021-01-28 14:14:51.416  INFO 15560 --- [    Test worker] o.h.e.t.j.p.i.JtaPlatformInitiator       : HHH000490: Using JtaPlatform implementation: [org.hibernate.engine.transaction.jta.platform.internal.NoJtaPlatform]
2021-01-28 14:14:51.422 TRACE 15560 --- [    Test worker] o.h.type.spi.TypeConfiguration$Scope     : Handling #sessionFactoryCreated from [org.hibernate.internal.SessionFactoryImpl@673680d9] for TypeConfiguration
2021-01-28 14:14:51.425  INFO 15560 --- [    Test worker] j.LocalContainerEntityManagerFactoryBean : Initialized JPA EntityManagerFactory for persistence unit 'default'
2021-01-28 14:14:51.752  WARN 15560 --- [    Test worker] JpaBaseConfiguration$JpaWebConfiguration : spring.jpa.open-in-view is enabled by default. Therefore, database queries may be performed during view rendering. Explicitly configure spring.jpa.open-in-view to disable this warning
2021-01-28 14:14:52.047  INFO 15560 --- [    Test worker] o.s.s.concurrent.ThreadPoolTaskExecutor  : Initializing ExecutorService 'applicationTaskExecutor'
2021-01-28 14:14:52.179  INFO 15560 --- [    Test worker] o.s.b.a.w.s.WelcomePageHandlerMapping    : Adding welcome page: class path resource [static/index.html]
2021-01-28 14:14:52.636  INFO 15560 --- [    Test worker] jpabook.jpashop.MemberRepositoryTest     : Started MemberRepositoryTest in 4.459 seconds (JVM running for 5.747)
2021-01-28 14:14:52.736  INFO 15560 --- [    Test worker] o.s.t.c.transaction.TransactionContext   : Began transaction (1) for test context [DefaultTestContext@2af88d9b testClass = MemberRepositoryTest, testInstance = jpabook.jpashop.MemberRepositoryTest@6e38a18, testMethod = testMember@MemberRepositoryTest, testException = [null], mergedContextConfiguration = [WebMergedContextConfiguration@772ce0a testClass = MemberRepositoryTest, locations = '{}', classes = '{class jpabook.jpashop.JpashopApplication}', contextInitializerClasses = '[]', activeProfiles = '{}', propertySourceLocations = '{}', propertySourceProperties = '{org.springframework.boot.test.context.SpringBootTestContextBootstrapper=true}', contextCustomizers = set[org.springframework.boot.test.autoconfigure.actuate.metrics.MetricsExportContextCustomizerFactory$DisableMetricExportContextCustomizer@75b67246, org.springframework.boot.test.autoconfigure.properties.PropertyMappingContextCustomizer@0, org.springframework.boot.test.autoconfigure.web.servlet.WebDriverContextCustomizerFactory$Customizer@70093d9d, org.springframework.boot.test.context.filter.ExcludeFilterContextCustomizer@47ae0a5d, org.springframework.boot.test.json.DuplicateJsonObjectContextCustomizerFactory$DuplicateJsonObjectContextCustomizer@6b94c0f4, org.springframework.boot.test.mock.mockito.MockitoContextCustomizer@0, org.springframework.boot.test.web.client.TestRestTemplateContextCustomizer@123d5210, org.springframework.boot.test.context.SpringBootTestArgs@1, org.springframework.boot.test.context.SpringBootTestWebEnvironment@10e1ccaf], resourceBasePath = 'src/main/webapp', contextLoader = 'org.springframework.boot.test.context.SpringBootContextLoader', parent = [null]], attributes = map['org.springframework.test.context.web.ServletTestExecutionListener.activateListener' -> true, 'org.springframework.test.context.web.ServletTestExecutionListener.populatedRequestContextHolder' -> true, 'org.springframework.test.context.web.ServletTestExecutionListener.resetRequestContextHolder' -> true, 'org.springframework.test.context.event.ApplicationEventsTestExecutionListener.recordApplicationEvents' -> false]]; transaction manager [org.springframework.orm.jpa.JpaTransactionManager@1a040c99]; rollback [false]
2021-01-28 14:14:52.945 DEBUG 15560 --- [    Test worker] org.hibernate.SQL                        : 
    call next value for hibernate_sequence
2021-01-28 14:14:52.957  INFO 15560 --- [    Test worker] p6spy                                    : #1611810892957 | took 4ms | statement | connection 3| url jdbc:h2:tcp://localhost/~/jpashop
call next value for hibernate_sequence
call next value for hibernate_sequence;
2021-01-28 14:14:53.005 DEBUG 15560 --- [    Test worker] org.hibernate.SQL                        : 
    insert 
    into
        member
        (username, id) 
    values
        (?, ?)
2021-01-28 14:14:53.010 TRACE 15560 --- [    Test worker] o.h.type.descriptor.sql.BasicBinder      : binding parameter [1] as [VARCHAR] - [member A]
2021-01-28 14:14:53.011 TRACE 15560 --- [    Test worker] o.h.type.descriptor.sql.BasicBinder      : binding parameter [2] as [BIGINT] - [1]
2021-01-28 14:14:53.012  INFO 15560 --- [    Test worker] p6spy                                    : #1611810893012 | took 0ms | statement | connection 3| url jdbc:h2:tcp://localhost/~/jpashop
insert into member (username, id) values (?, ?)
insert into member (username, id) values ('member A', 1);
2021-01-28 14:14:53.015  INFO 15560 --- [    Test worker] p6spy                                    : #1611810893015 | took 0ms | commit | connection 3| url jdbc:h2:tcp://localhost/~/jpashop

;
2021-01-28 14:14:53.017  INFO 15560 --- [    Test worker] o.s.t.c.transaction.TransactionContext   : Committed transaction for test: [DefaultTestContext@2af88d9b testClass = MemberRepositoryTest, testInstance = jpabook.jpashop.MemberRepositoryTest@6e38a18, testMethod = testMember@MemberRepositoryTest, testException = [null], mergedContextConfiguration = [WebMergedContextConfiguration@772ce0a testClass = MemberRepositoryTest, locations = '{}', classes = '{class jpabook.jpashop.JpashopApplication}', contextInitializerClasses = '[]', activeProfiles = '{}', propertySourceLocations = '{}', propertySourceProperties = '{org.springframework.boot.test.context.SpringBootTestContextBootstrapper=true}', contextCustomizers = set[org.springframework.boot.test.autoconfigure.actuate.metrics.MetricsExportContextCustomizerFactory$DisableMetricExportContextCustomizer@75b67246, org.springframework.boot.test.autoconfigure.properties.PropertyMappingContextCustomizer@0, org.springframework.boot.test.autoconfigure.web.servlet.WebDriverContextCustomizerFactory$Customizer@70093d9d, org.springframework.boot.test.context.filter.ExcludeFilterContextCustomizer@47ae0a5d, org.springframework.boot.test.json.DuplicateJsonObjectContextCustomizerFactory$DuplicateJsonObjectContextCustomizer@6b94c0f4, org.springframework.boot.test.mock.mockito.MockitoContextCustomizer@0, org.springframework.boot.test.web.client.TestRestTemplateContextCustomizer@123d5210, org.springframework.boot.test.context.SpringBootTestArgs@1, org.springframework.boot.test.context.SpringBootTestWebEnvironment@10e1ccaf], resourceBasePath = 'src/main/webapp', contextLoader = 'org.springframework.boot.test.context.SpringBootContextLoader', parent = [null]], attributes = map['org.springframework.test.context.web.ServletTestExecutionListener.activateListener' -> true, 'org.springframework.test.context.web.ServletTestExecutionListener.populatedRequestContextHolder' -> true, 'org.springframework.test.context.web.ServletTestExecutionListener.resetRequestContextHolder' -> true, 'org.springframework.test.context.event.ApplicationEventsTestExecutionListener.recordApplicationEvents' -> false]]
]]></system-out>
  <system-err><![CDATA[]]></system-err>
</testsuite>
