<?xml version="1.0" encoding="UTF-8"?>
<testsuite name="jpabook.jpashop.service.MemberServiceTest" tests="2" skipped="0" failures="0" errors="0" timestamp="2021-01-28T13:24:58" hostname="DESKTOP-NVIGNRL" time="0.58">
  <properties/>
  <testcase name="join" classname="jpabook.jpashop.service.MemberServiceTest" time="0.557"/>
  <testcase name="중복_회원_예외" classname="jpabook.jpashop.service.MemberServiceTest" time="0.022"/>
  <system-out><![CDATA[22:24:53.111 [Test worker] DEBUG org.springframework.test.annotation.ProfileValueUtils - Retrieved @ProfileValueSourceConfiguration [null] for test class [jpabook.jpashop.service.MemberServiceTest]
22:24:53.111 [Test worker] DEBUG org.springframework.test.annotation.ProfileValueUtils - Retrieved ProfileValueSource type [class org.springframework.test.annotation.SystemProfileValueSource] for class [jpabook.jpashop.service.MemberServiceTest]
22:24:53.112 [Test worker] DEBUG org.springframework.test.annotation.ProfileValueUtils - Retrieved @ProfileValueSourceConfiguration [null] for test class [jpabook.jpashop.service.MemberServiceTest]
22:24:53.113 [Test worker] DEBUG org.springframework.test.annotation.ProfileValueUtils - Retrieved ProfileValueSource type [class org.springframework.test.annotation.SystemProfileValueSource] for class [jpabook.jpashop.service.MemberServiceTest]
22:24:53.118 [Test worker] DEBUG org.springframework.test.context.support.AbstractDirtiesContextTestExecutionListener - Before test class: context [DefaultTestContext@2be064e3 testClass = MemberServiceTest, testInstance = [null], testMethod = [null], testException = [null], mergedContextConfiguration = [WebMergedContextConfiguration@4ebf713b testClass = MemberServiceTest, locations = '{}', classes = '{class jpabook.jpashop.JpashopApplication}', contextInitializerClasses = '[]', activeProfiles = '{}', propertySourceLocations = '{}', propertySourceProperties = '{org.springframework.boot.test.context.SpringBootTestContextBootstrapper=true}', contextCustomizers = set[org.springframework.boot.test.autoconfigure.actuate.metrics.MetricsExportContextCustomizerFactory$DisableMetricExportContextCustomizer@433153e4, org.springframework.boot.test.autoconfigure.properties.PropertyMappingContextCustomizer@0, org.springframework.boot.test.autoconfigure.web.servlet.WebDriverContextCustomizerFactory$Customizer@fa4871b, org.springframework.boot.test.context.filter.ExcludeFilterContextCustomizer@20e91a2b, org.springframework.boot.test.json.DuplicateJsonObjectContextCustomizerFactory$DuplicateJsonObjectContextCustomizer@5fc8cf56, org.springframework.boot.test.mock.mockito.MockitoContextCustomizer@0, org.springframework.boot.test.web.client.TestRestTemplateContextCustomizer@6515db48, org.springframework.boot.test.context.SpringBootTestArgs@1, org.springframework.boot.test.context.SpringBootTestWebEnvironment@7008bbb2], resourceBasePath = 'src/main/webapp', contextLoader = 'org.springframework.boot.test.context.SpringBootContextLoader', parent = [null]], attributes = map['org.springframework.test.context.web.ServletTestExecutionListener.activateListener' -> true]], class annotated with @DirtiesContext [false] with mode [null].
22:24:53.119 [Test worker] DEBUG org.springframework.test.annotation.ProfileValueUtils - Retrieved @ProfileValueSourceConfiguration [null] for test class [jpabook.jpashop.service.MemberServiceTest]
22:24:53.119 [Test worker] DEBUG org.springframework.test.annotation.ProfileValueUtils - Retrieved ProfileValueSource type [class org.springframework.test.annotation.SystemProfileValueSource] for class [jpabook.jpashop.service.MemberServiceTest]
22:24:53.145 [Test worker] DEBUG org.springframework.test.context.support.TestPropertySourceUtils - Adding inlined properties to environment: {spring.jmx.enabled=false, org.springframework.boot.test.context.SpringBootTestContextBootstrapper=true}

  .   ____          _            __ _ _
 /\\ / ___'_ __ _ _(_)_ __  __ _ \ \ \ \
( ( )\___ | '_ | '_| | '_ \/ _` | \ \ \ \
 \\/  ___)| |_)| | | | | || (_| |  ) ) ) )
  '  |____| .__|_| |_|_| |_\__, | / / / /
 =========|_|==============|___/=/_/_/_/
 :: Spring Boot ::                (v2.4.2)

2021-01-28 22:24:53.512  INFO 16628 --- [    Test worker] j.jpashop.service.MemberServiceTest      : Starting MemberServiceTest using Java 12.0.2 on DESKTOP-NVIGNRL with PID 16628 (started by eunbi in C:\Users\eunbi\Desktop\jpashop)
2021-01-28 22:24:53.515  INFO 16628 --- [    Test worker] j.jpashop.service.MemberServiceTest      : No active profile set, falling back to default profiles: default
2021-01-28 22:24:54.459  INFO 16628 --- [    Test worker] .s.d.r.c.RepositoryConfigurationDelegate : Bootstrapping Spring Data JPA repositories in DEFAULT mode.
2021-01-28 22:24:54.480  INFO 16628 --- [    Test worker] .s.d.r.c.RepositoryConfigurationDelegate : Finished Spring Data repository scanning in 10 ms. Found 0 JPA repository interfaces.
2021-01-28 22:24:55.364  INFO 16628 --- [    Test worker] o.hibernate.jpa.internal.util.LogHelper  : HHH000204: Processing PersistenceUnitInfo [name: default]
2021-01-28 22:24:55.450  INFO 16628 --- [    Test worker] org.hibernate.Version                    : HHH000412: Hibernate ORM core version 5.4.27.Final
2021-01-28 22:24:55.645  INFO 16628 --- [    Test worker] o.hibernate.annotations.common.Version   : HCANN000001: Hibernate Commons Annotations {5.1.2.Final}
2021-01-28 22:24:55.702 DEBUG 16628 --- [    Test worker] org.hibernate.type.BasicTypeRegistry     : Adding type registration boolean -> org.hibernate.type.BooleanType@5d22ee33
2021-01-28 22:24:55.702 DEBUG 16628 --- [    Test worker] org.hibernate.type.BasicTypeRegistry     : Adding type registration boolean -> org.hibernate.type.BooleanType@5d22ee33
2021-01-28 22:24:55.702 DEBUG 16628 --- [    Test worker] org.hibernate.type.BasicTypeRegistry     : Adding type registration java.lang.Boolean -> org.hibernate.type.BooleanType@5d22ee33
2021-01-28 22:24:55.703 DEBUG 16628 --- [    Test worker] org.hibernate.type.BasicTypeRegistry     : Adding type registration numeric_boolean -> org.hibernate.type.NumericBooleanType@7fea57d3
2021-01-28 22:24:55.704 DEBUG 16628 --- [    Test worker] org.hibernate.type.BasicTypeRegistry     : Adding type registration true_false -> org.hibernate.type.TrueFalseType@7f2f2d64
2021-01-28 22:24:55.705 DEBUG 16628 --- [    Test worker] org.hibernate.type.BasicTypeRegistry     : Adding type registration yes_no -> org.hibernate.type.YesNoType@7ec6e8f6
2021-01-28 22:24:55.706 DEBUG 16628 --- [    Test worker] org.hibernate.type.BasicTypeRegistry     : Adding type registration byte -> org.hibernate.type.ByteType@5122911c
2021-01-28 22:24:55.707 DEBUG 16628 --- [    Test worker] org.hibernate.type.BasicTypeRegistry     : Adding type registration byte -> org.hibernate.type.ByteType@5122911c
2021-01-28 22:24:55.707 DEBUG 16628 --- [    Test worker] org.hibernate.type.BasicTypeRegistry     : Adding type registration java.lang.Byte -> org.hibernate.type.ByteType@5122911c
2021-01-28 22:24:55.708 DEBUG 16628 --- [    Test worker] org.hibernate.type.BasicTypeRegistry     : Adding type registration character -> org.hibernate.type.CharacterType@3abbb519
2021-01-28 22:24:55.708 DEBUG 16628 --- [    Test worker] org.hibernate.type.BasicTypeRegistry     : Adding type registration char -> org.hibernate.type.CharacterType@3abbb519
2021-01-28 22:24:55.708 DEBUG 16628 --- [    Test worker] org.hibernate.type.BasicTypeRegistry     : Adding type registration java.lang.Character -> org.hibernate.type.CharacterType@3abbb519
2021-01-28 22:24:55.710 DEBUG 16628 --- [    Test worker] org.hibernate.type.BasicTypeRegistry     : Adding type registration short -> org.hibernate.type.ShortType@1ef9933b
2021-01-28 22:24:55.710 DEBUG 16628 --- [    Test worker] org.hibernate.type.BasicTypeRegistry     : Adding type registration short -> org.hibernate.type.ShortType@1ef9933b
2021-01-28 22:24:55.710 DEBUG 16628 --- [    Test worker] org.hibernate.type.BasicTypeRegistry     : Adding type registration java.lang.Short -> org.hibernate.type.ShortType@1ef9933b
2021-01-28 22:24:55.712 DEBUG 16628 --- [    Test worker] org.hibernate.type.BasicTypeRegistry     : Adding type registration integer -> org.hibernate.type.IntegerType@4f47c85b
2021-01-28 22:24:55.712 DEBUG 16628 --- [    Test worker] org.hibernate.type.BasicTypeRegistry     : Adding type registration int -> org.hibernate.type.IntegerType@4f47c85b
2021-01-28 22:24:55.713 DEBUG 16628 --- [    Test worker] org.hibernate.type.BasicTypeRegistry     : Adding type registration java.lang.Integer -> org.hibernate.type.IntegerType@4f47c85b
2021-01-28 22:24:55.715 DEBUG 16628 --- [    Test worker] org.hibernate.type.BasicTypeRegistry     : Adding type registration long -> org.hibernate.type.LongType@438782e8
2021-01-28 22:24:55.715 DEBUG 16628 --- [    Test worker] org.hibernate.type.BasicTypeRegistry     : Adding type registration long -> org.hibernate.type.LongType@438782e8
2021-01-28 22:24:55.715 DEBUG 16628 --- [    Test worker] org.hibernate.type.BasicTypeRegistry     : Adding type registration java.lang.Long -> org.hibernate.type.LongType@438782e8
2021-01-28 22:24:55.716 DEBUG 16628 --- [    Test worker] org.hibernate.type.BasicTypeRegistry     : Adding type registration float -> org.hibernate.type.FloatType@35a2c6ef
2021-01-28 22:24:55.717 DEBUG 16628 --- [    Test worker] org.hibernate.type.BasicTypeRegistry     : Adding type registration float -> org.hibernate.type.FloatType@35a2c6ef
2021-01-28 22:24:55.717 DEBUG 16628 --- [    Test worker] org.hibernate.type.BasicTypeRegistry     : Adding type registration java.lang.Float -> org.hibernate.type.FloatType@35a2c6ef
2021-01-28 22:24:55.718 DEBUG 16628 --- [    Test worker] org.hibernate.type.BasicTypeRegistry     : Adding type registration double -> org.hibernate.type.DoubleType@23b46b69
2021-01-28 22:24:55.719 DEBUG 16628 --- [    Test worker] org.hibernate.type.BasicTypeRegistry     : Adding type registration double -> org.hibernate.type.DoubleType@23b46b69
2021-01-28 22:24:55.719 DEBUG 16628 --- [    Test worker] org.hibernate.type.BasicTypeRegistry     : Adding type registration java.lang.Double -> org.hibernate.type.DoubleType@23b46b69
2021-01-28 22:24:55.720 DEBUG 16628 --- [    Test worker] org.hibernate.type.BasicTypeRegistry     : Adding type registration big_decimal -> org.hibernate.type.BigDecimalType@4a5f8d53
2021-01-28 22:24:55.720 DEBUG 16628 --- [    Test worker] org.hibernate.type.BasicTypeRegistry     : Adding type registration java.math.BigDecimal -> org.hibernate.type.BigDecimalType@4a5f8d53
2021-01-28 22:24:55.721 DEBUG 16628 --- [    Test worker] org.hibernate.type.BasicTypeRegistry     : Adding type registration big_integer -> org.hibernate.type.BigIntegerType@5e0ad3a8
2021-01-28 22:24:55.721 DEBUG 16628 --- [    Test worker] org.hibernate.type.BasicTypeRegistry     : Adding type registration java.math.BigInteger -> org.hibernate.type.BigIntegerType@5e0ad3a8
2021-01-28 22:24:55.722 DEBUG 16628 --- [    Test worker] org.hibernate.type.BasicTypeRegistry     : Adding type registration string -> org.hibernate.type.StringType@72d0d9d2
2021-01-28 22:24:55.723 DEBUG 16628 --- [    Test worker] org.hibernate.type.BasicTypeRegistry     : Adding type registration java.lang.String -> org.hibernate.type.StringType@72d0d9d2
2021-01-28 22:24:55.724 DEBUG 16628 --- [    Test worker] org.hibernate.type.BasicTypeRegistry     : Adding type registration nstring -> org.hibernate.type.StringNVarcharType@991d9d4
2021-01-28 22:24:55.725 DEBUG 16628 --- [    Test worker] org.hibernate.type.BasicTypeRegistry     : Adding type registration ncharacter -> org.hibernate.type.CharacterNCharType@1014c7f7
2021-01-28 22:24:55.726 DEBUG 16628 --- [    Test worker] org.hibernate.type.BasicTypeRegistry     : Adding type registration url -> org.hibernate.type.UrlType@429bdb9e
2021-01-28 22:24:55.726 DEBUG 16628 --- [    Test worker] org.hibernate.type.BasicTypeRegistry     : Adding type registration java.net.URL -> org.hibernate.type.UrlType@429bdb9e
2021-01-28 22:24:55.728 DEBUG 16628 --- [    Test worker] org.hibernate.type.BasicTypeRegistry     : Adding type registration Duration -> org.hibernate.type.DurationType@323eec3c
2021-01-28 22:24:55.728 DEBUG 16628 --- [    Test worker] org.hibernate.type.BasicTypeRegistry     : Adding type registration java.time.Duration -> org.hibernate.type.DurationType@323eec3c
2021-01-28 22:24:55.732 DEBUG 16628 --- [    Test worker] org.hibernate.type.BasicTypeRegistry     : Adding type registration Instant -> org.hibernate.type.InstantType@385138d5
2021-01-28 22:24:55.733 DEBUG 16628 --- [    Test worker] org.hibernate.type.BasicTypeRegistry     : Adding type registration java.time.Instant -> org.hibernate.type.InstantType@385138d5
2021-01-28 22:24:55.734 DEBUG 16628 --- [    Test worker] org.hibernate.type.BasicTypeRegistry     : Adding type registration LocalDateTime -> org.hibernate.type.LocalDateTimeType@232159af
2021-01-28 22:24:55.735 DEBUG 16628 --- [    Test worker] org.hibernate.type.BasicTypeRegistry     : Adding type registration java.time.LocalDateTime -> org.hibernate.type.LocalDateTimeType@232159af
2021-01-28 22:24:55.736 DEBUG 16628 --- [    Test worker] org.hibernate.type.BasicTypeRegistry     : Adding type registration LocalDate -> org.hibernate.type.LocalDateType@3b34e587
2021-01-28 22:24:55.736 DEBUG 16628 --- [    Test worker] org.hibernate.type.BasicTypeRegistry     : Adding type registration java.time.LocalDate -> org.hibernate.type.LocalDateType@3b34e587
2021-01-28 22:24:55.737 DEBUG 16628 --- [    Test worker] org.hibernate.type.BasicTypeRegistry     : Adding type registration LocalTime -> org.hibernate.type.LocalTimeType@5c3a1a0e
2021-01-28 22:24:55.737 DEBUG 16628 --- [    Test worker] org.hibernate.type.BasicTypeRegistry     : Adding type registration java.time.LocalTime -> org.hibernate.type.LocalTimeType@5c3a1a0e
2021-01-28 22:24:55.739 DEBUG 16628 --- [    Test worker] org.hibernate.type.BasicTypeRegistry     : Adding type registration OffsetDateTime -> org.hibernate.type.OffsetDateTimeType@4552c689
2021-01-28 22:24:55.739 DEBUG 16628 --- [    Test worker] org.hibernate.type.BasicTypeRegistry     : Adding type registration java.time.OffsetDateTime -> org.hibernate.type.OffsetDateTimeType@4552c689
2021-01-28 22:24:55.741 DEBUG 16628 --- [    Test worker] org.hibernate.type.BasicTypeRegistry     : Adding type registration OffsetTime -> org.hibernate.type.OffsetTimeType@6a6abc3e
2021-01-28 22:24:55.741 DEBUG 16628 --- [    Test worker] org.hibernate.type.BasicTypeRegistry     : Adding type registration java.time.OffsetTime -> org.hibernate.type.OffsetTimeType@6a6abc3e
2021-01-28 22:24:55.742 DEBUG 16628 --- [    Test worker] org.hibernate.type.BasicTypeRegistry     : Adding type registration ZonedDateTime -> org.hibernate.type.ZonedDateTimeType@5cdff45d
2021-01-28 22:24:55.742 DEBUG 16628 --- [    Test worker] org.hibernate.type.BasicTypeRegistry     : Adding type registration java.time.ZonedDateTime -> org.hibernate.type.ZonedDateTimeType@5cdff45d
2021-01-28 22:24:55.744 DEBUG 16628 --- [    Test worker] org.hibernate.type.BasicTypeRegistry     : Adding type registration date -> org.hibernate.type.DateType@66582951
2021-01-28 22:24:55.745 DEBUG 16628 --- [    Test worker] org.hibernate.type.BasicTypeRegistry     : Adding type registration java.sql.Date -> org.hibernate.type.DateType@66582951
2021-01-28 22:24:55.747 DEBUG 16628 --- [    Test worker] org.hibernate.type.BasicTypeRegistry     : Adding type registration time -> org.hibernate.type.TimeType@5399f26d
2021-01-28 22:24:55.747 DEBUG 16628 --- [    Test worker] org.hibernate.type.BasicTypeRegistry     : Adding type registration java.sql.Time -> org.hibernate.type.TimeType@5399f26d
2021-01-28 22:24:55.749 DEBUG 16628 --- [    Test worker] org.hibernate.type.BasicTypeRegistry     : Adding type registration timestamp -> org.hibernate.type.TimestampType@263a79c
2021-01-28 22:24:55.750 DEBUG 16628 --- [    Test worker] org.hibernate.type.BasicTypeRegistry     : Adding type registration java.sql.Timestamp -> org.hibernate.type.TimestampType@263a79c
2021-01-28 22:24:55.750 DEBUG 16628 --- [    Test worker] org.hibernate.type.BasicTypeRegistry     : Adding type registration java.util.Date -> org.hibernate.type.TimestampType@263a79c
2021-01-28 22:24:55.752 DEBUG 16628 --- [    Test worker] org.hibernate.type.BasicTypeRegistry     : Adding type registration dbtimestamp -> org.hibernate.type.DbTimestampType@4cb48f63
2021-01-28 22:24:55.754 DEBUG 16628 --- [    Test worker] org.hibernate.type.BasicTypeRegistry     : Adding type registration calendar -> org.hibernate.type.CalendarType@7ea615d9
2021-01-28 22:24:55.754 DEBUG 16628 --- [    Test worker] org.hibernate.type.BasicTypeRegistry     : Adding type registration java.util.Calendar -> org.hibernate.type.CalendarType@7ea615d9
2021-01-28 22:24:55.754 DEBUG 16628 --- [    Test worker] org.hibernate.type.BasicTypeRegistry     : Adding type registration java.util.GregorianCalendar -> org.hibernate.type.CalendarType@7ea615d9
2021-01-28 22:24:55.755 DEBUG 16628 --- [    Test worker] org.hibernate.type.BasicTypeRegistry     : Adding type registration calendar_date -> org.hibernate.type.CalendarDateType@48843898
2021-01-28 22:24:55.756 DEBUG 16628 --- [    Test worker] org.hibernate.type.BasicTypeRegistry     : Adding type registration calendar_time -> org.hibernate.type.CalendarTimeType@3a36924e
2021-01-28 22:24:55.757 DEBUG 16628 --- [    Test worker] org.hibernate.type.BasicTypeRegistry     : Adding type registration locale -> org.hibernate.type.LocaleType@5e0e5b62
2021-01-28 22:24:55.757 DEBUG 16628 --- [    Test worker] org.hibernate.type.BasicTypeRegistry     : Adding type registration java.util.Locale -> org.hibernate.type.LocaleType@5e0e5b62
2021-01-28 22:24:55.758 DEBUG 16628 --- [    Test worker] org.hibernate.type.BasicTypeRegistry     : Adding type registration currency -> org.hibernate.type.CurrencyType@9e12cba
2021-01-28 22:24:55.759 DEBUG 16628 --- [    Test worker] org.hibernate.type.BasicTypeRegistry     : Adding type registration java.util.Currency -> org.hibernate.type.CurrencyType@9e12cba
2021-01-28 22:24:55.760 DEBUG 16628 --- [    Test worker] org.hibernate.type.BasicTypeRegistry     : Adding type registration timezone -> org.hibernate.type.TimeZoneType@796cb3
2021-01-28 22:24:55.760 DEBUG 16628 --- [    Test worker] org.hibernate.type.BasicTypeRegistry     : Adding type registration java.util.TimeZone -> org.hibernate.type.TimeZoneType@796cb3
2021-01-28 22:24:55.761 DEBUG 16628 --- [    Test worker] org.hibernate.type.BasicTypeRegistry     : Adding type registration class -> org.hibernate.type.ClassType@7f5fa7f7
2021-01-28 22:24:55.761 DEBUG 16628 --- [    Test worker] org.hibernate.type.BasicTypeRegistry     : Adding type registration java.lang.Class -> org.hibernate.type.ClassType@7f5fa7f7
2021-01-28 22:24:55.762 DEBUG 16628 --- [    Test worker] org.hibernate.type.BasicTypeRegistry     : Adding type registration uuid-binary -> org.hibernate.type.UUIDBinaryType@2b3bc8f8
2021-01-28 22:24:55.762 DEBUG 16628 --- [    Test worker] org.hibernate.type.BasicTypeRegistry     : Adding type registration java.util.UUID -> org.hibernate.type.UUIDBinaryType@2b3bc8f8
2021-01-28 22:24:55.764 DEBUG 16628 --- [    Test worker] org.hibernate.type.BasicTypeRegistry     : Adding type registration uuid-char -> org.hibernate.type.UUIDCharType@7f6affc1
2021-01-28 22:24:55.766 DEBUG 16628 --- [    Test worker] org.hibernate.type.BasicTypeRegistry     : Adding type registration binary -> org.hibernate.type.BinaryType@13edd27
2021-01-28 22:24:55.766 DEBUG 16628 --- [    Test worker] org.hibernate.type.BasicTypeRegistry     : Adding type registration byte[] -> org.hibernate.type.BinaryType@13edd27
2021-01-28 22:24:55.767 DEBUG 16628 --- [    Test worker] org.hibernate.type.BasicTypeRegistry     : Adding type registration [B -> org.hibernate.type.BinaryType@13edd27
2021-01-28 22:24:55.768 DEBUG 16628 --- [    Test worker] org.hibernate.type.BasicTypeRegistry     : Adding type registration wrapper-binary -> org.hibernate.type.WrapperBinaryType@2b50b5d5
2021-01-28 22:24:55.769 DEBUG 16628 --- [    Test worker] org.hibernate.type.BasicTypeRegistry     : Adding type registration Byte[] -> org.hibernate.type.WrapperBinaryType@2b50b5d5
2021-01-28 22:24:55.769 DEBUG 16628 --- [    Test worker] org.hibernate.type.BasicTypeRegistry     : Adding type registration [Ljava.lang.Byte; -> org.hibernate.type.WrapperBinaryType@2b50b5d5
2021-01-28 22:24:55.770 DEBUG 16628 --- [    Test worker] org.hibernate.type.BasicTypeRegistry     : Adding type registration row_version -> org.hibernate.type.RowVersionType@72c0fbd0
2021-01-28 22:24:55.771 DEBUG 16628 --- [    Test worker] org.hibernate.type.BasicTypeRegistry     : Adding type registration image -> org.hibernate.type.ImageType@24c289f
2021-01-28 22:24:55.772 DEBUG 16628 --- [    Test worker] org.hibernate.type.BasicTypeRegistry     : Adding type registration characters -> org.hibernate.type.CharArrayType@47ba0591
2021-01-28 22:24:55.772 DEBUG 16628 --- [    Test worker] org.hibernate.type.BasicTypeRegistry     : Adding type registration char[] -> org.hibernate.type.CharArrayType@47ba0591
2021-01-28 22:24:55.773 DEBUG 16628 --- [    Test worker] org.hibernate.type.BasicTypeRegistry     : Adding type registration [C -> org.hibernate.type.CharArrayType@47ba0591
2021-01-28 22:24:55.774 DEBUG 16628 --- [    Test worker] org.hibernate.type.BasicTypeRegistry     : Adding type registration wrapper-characters -> org.hibernate.type.CharacterArrayType@6b5e0b34
2021-01-28 22:24:55.774 DEBUG 16628 --- [    Test worker] org.hibernate.type.BasicTypeRegistry     : Adding type registration [Ljava.lang.Character; -> org.hibernate.type.CharacterArrayType@6b5e0b34
2021-01-28 22:24:55.774 DEBUG 16628 --- [    Test worker] org.hibernate.type.BasicTypeRegistry     : Adding type registration Character[] -> org.hibernate.type.CharacterArrayType@6b5e0b34
2021-01-28 22:24:55.775 DEBUG 16628 --- [    Test worker] org.hibernate.type.BasicTypeRegistry     : Adding type registration text -> org.hibernate.type.TextType@3666357d
2021-01-28 22:24:55.776 DEBUG 16628 --- [    Test worker] org.hibernate.type.BasicTypeRegistry     : Adding type registration ntext -> org.hibernate.type.NTextType@298f0f53
2021-01-28 22:24:55.779 DEBUG 16628 --- [    Test worker] org.hibernate.type.BasicTypeRegistry     : Adding type registration blob -> org.hibernate.type.BlobType@65cabc2e
2021-01-28 22:24:55.779 DEBUG 16628 --- [    Test worker] org.hibernate.type.BasicTypeRegistry     : Adding type registration java.sql.Blob -> org.hibernate.type.BlobType@65cabc2e
2021-01-28 22:24:55.780 DEBUG 16628 --- [    Test worker] org.hibernate.type.BasicTypeRegistry     : Adding type registration materialized_blob -> org.hibernate.type.MaterializedBlobType@409d4e2a
2021-01-28 22:24:55.782 DEBUG 16628 --- [    Test worker] org.hibernate.type.BasicTypeRegistry     : Adding type registration clob -> org.hibernate.type.ClobType@1e48fba5
2021-01-28 22:24:55.782 DEBUG 16628 --- [    Test worker] org.hibernate.type.BasicTypeRegistry     : Adding type registration java.sql.Clob -> org.hibernate.type.ClobType@1e48fba5
2021-01-28 22:24:55.785 DEBUG 16628 --- [    Test worker] org.hibernate.type.BasicTypeRegistry     : Adding type registration nclob -> org.hibernate.type.NClobType@73f6f34b
2021-01-28 22:24:55.785 DEBUG 16628 --- [    Test worker] org.hibernate.type.BasicTypeRegistry     : Adding type registration java.sql.NClob -> org.hibernate.type.NClobType@73f6f34b
2021-01-28 22:24:55.786 DEBUG 16628 --- [    Test worker] org.hibernate.type.BasicTypeRegistry     : Adding type registration materialized_clob -> org.hibernate.type.MaterializedClobType@6dd25f76
2021-01-28 22:24:55.786 DEBUG 16628 --- [    Test worker] org.hibernate.type.BasicTypeRegistry     : Adding type registration materialized_nclob -> org.hibernate.type.MaterializedNClobType@2f109f7e
2021-01-28 22:24:55.788 DEBUG 16628 --- [    Test worker] org.hibernate.type.BasicTypeRegistry     : Adding type registration serializable -> org.hibernate.type.SerializableType@319b36e6
2021-01-28 22:24:55.792 DEBUG 16628 --- [    Test worker] org.hibernate.type.BasicTypeRegistry     : Adding type registration object -> org.hibernate.type.ObjectType@a9b248d
2021-01-28 22:24:55.792 DEBUG 16628 --- [    Test worker] org.hibernate.type.BasicTypeRegistry     : Adding type registration java.lang.Object -> org.hibernate.type.ObjectType@a9b248d
2021-01-28 22:24:55.792 DEBUG 16628 --- [    Test worker] org.hibernate.type.BasicTypeRegistry     : Adding type registration imm_date -> org.hibernate.type.AdaptedImmutableType@5b526d8d
2021-01-28 22:24:55.792 DEBUG 16628 --- [    Test worker] org.hibernate.type.BasicTypeRegistry     : Adding type registration imm_time -> org.hibernate.type.AdaptedImmutableType@4c2d5ab1
2021-01-28 22:24:55.793 DEBUG 16628 --- [    Test worker] org.hibernate.type.BasicTypeRegistry     : Adding type registration imm_timestamp -> org.hibernate.type.AdaptedImmutableType@36a341f3
2021-01-28 22:24:55.793 DEBUG 16628 --- [    Test worker] org.hibernate.type.BasicTypeRegistry     : Adding type registration imm_dbtimestamp -> org.hibernate.type.AdaptedImmutableType@4a9b44ab
2021-01-28 22:24:55.793 DEBUG 16628 --- [    Test worker] org.hibernate.type.BasicTypeRegistry     : Adding type registration imm_calendar -> org.hibernate.type.AdaptedImmutableType@2ed6670
2021-01-28 22:24:55.793 DEBUG 16628 --- [    Test worker] org.hibernate.type.BasicTypeRegistry     : Adding type registration imm_calendar_date -> org.hibernate.type.AdaptedImmutableType@24b35c4e
2021-01-28 22:24:55.793 DEBUG 16628 --- [    Test worker] org.hibernate.type.BasicTypeRegistry     : Adding type registration imm_binary -> org.hibernate.type.AdaptedImmutableType@8332df2
2021-01-28 22:24:55.793 DEBUG 16628 --- [    Test worker] org.hibernate.type.BasicTypeRegistry     : Adding type registration imm_serializable -> org.hibernate.type.AdaptedImmutableType@189d8e43
2021-01-28 22:24:55.851  INFO 16628 --- [    Test worker] com.zaxxer.hikari.HikariDataSource       : HikariPool-1 - Starting...
2021-01-28 22:24:56.055  INFO 16628 --- [    Test worker] com.zaxxer.hikari.HikariDataSource       : HikariPool-1 - Start completed.
2021-01-28 22:24:56.110  INFO 16628 --- [    Test worker] org.hibernate.dialect.Dialect            : HHH000400: Using dialect: org.hibernate.dialect.H2Dialect
2021-01-28 22:24:56.211 DEBUG 16628 --- [    Test worker] o.h.type.spi.TypeConfiguration$Scope     : Scoping TypeConfiguration [org.hibernate.type.spi.TypeConfiguration@713c22d8] to MetadataBuildingContext [org.hibernate.boot.internal.MetadataBuildingContextRootImpl@43d0ae16]
2021-01-28 22:24:56.466 DEBUG 16628 --- [    Test worker] org.hibernate.type.EnumType              : Using NAMED-based conversion for Enum jpabook.jpashop.domain.DeliveryStatus
2021-01-28 22:24:56.468 DEBUG 16628 --- [    Test worker] org.hibernate.type.EnumType              : Using NAMED-based conversion for Enum jpabook.jpashop.domain.OrderStatus
2021-01-28 22:24:56.613 DEBUG 16628 --- [    Test worker] o.h.type.spi.TypeConfiguration$Scope     : Scoping TypeConfiguration [org.hibernate.type.spi.TypeConfiguration@713c22d8] to SessionFactoryImpl [org.hibernate.internal.SessionFactoryImpl@68ec7df6]
2021-01-28 22:24:57.133 DEBUG 16628 --- [    Test worker] org.hibernate.SQL                        : 
    
    drop table if exists category CASCADE 
2021-01-28 22:24:57.136  INFO 16628 --- [    Test worker] p6spy                                    : #1611840297136 | took 1ms | statement | connection 1| url jdbc:h2:mem:test

    drop table if exists category CASCADE 

    drop table if exists category CASCADE ;
2021-01-28 22:24:57.136 DEBUG 16628 --- [    Test worker] org.hibernate.SQL                        : 
    
    drop table if exists category_item CASCADE 
2021-01-28 22:24:57.139  INFO 16628 --- [    Test worker] p6spy                                    : #1611840297136 | took 0ms | statement | connection 1| url jdbc:h2:mem:test

    drop table if exists category_item CASCADE 

    drop table if exists category_item CASCADE ;
2021-01-28 22:24:57.139 DEBUG 16628 --- [    Test worker] org.hibernate.SQL                        : 
    
    drop table if exists delivery CASCADE 
2021-01-28 22:24:57.139  INFO 16628 --- [    Test worker] p6spy                                    : #1611840297139 | took 0ms | statement | connection 1| url jdbc:h2:mem:test

    drop table if exists delivery CASCADE 

    drop table if exists delivery CASCADE ;
2021-01-28 22:24:57.139 DEBUG 16628 --- [    Test worker] org.hibernate.SQL                        : 
    
    drop table if exists item CASCADE 
2021-01-28 22:24:57.140  INFO 16628 --- [    Test worker] p6spy                                    : #1611840297140 | took 0ms | statement | connection 1| url jdbc:h2:mem:test

    drop table if exists item CASCADE 

    drop table if exists item CASCADE ;
2021-01-28 22:24:57.140 DEBUG 16628 --- [    Test worker] org.hibernate.SQL                        : 
    
    drop table if exists member CASCADE 
2021-01-28 22:24:57.140  INFO 16628 --- [    Test worker] p6spy                                    : #1611840297140 | took 0ms | statement | connection 1| url jdbc:h2:mem:test

    drop table if exists member CASCADE 

    drop table if exists member CASCADE ;
2021-01-28 22:24:57.140 DEBUG 16628 --- [    Test worker] org.hibernate.SQL                        : 
    
    drop table if exists order_item CASCADE 
2021-01-28 22:24:57.140  INFO 16628 --- [    Test worker] p6spy                                    : #1611840297140 | took 0ms | statement | connection 1| url jdbc:h2:mem:test

    drop table if exists order_item CASCADE 

    drop table if exists order_item CASCADE ;
2021-01-28 22:24:57.140 DEBUG 16628 --- [    Test worker] org.hibernate.SQL                        : 
    
    drop table if exists orders CASCADE 
2021-01-28 22:24:57.140  INFO 16628 --- [    Test worker] p6spy                                    : #1611840297140 | took 0ms | statement | connection 1| url jdbc:h2:mem:test

    drop table if exists orders CASCADE 

    drop table if exists orders CASCADE ;
2021-01-28 22:24:57.141 DEBUG 16628 --- [    Test worker] org.hibernate.SQL                        : 
    
    drop sequence if exists hibernate_sequence
2021-01-28 22:24:57.141  INFO 16628 --- [    Test worker] p6spy                                    : #1611840297141 | took 0ms | statement | connection 1| url jdbc:h2:mem:test

    drop sequence if exists hibernate_sequence

    drop sequence if exists hibernate_sequence;
2021-01-28 22:24:57.143 DEBUG 16628 --- [    Test worker] org.hibernate.SQL                        : create sequence hibernate_sequence start with 1 increment by 1
2021-01-28 22:24:57.146  INFO 16628 --- [    Test worker] p6spy                                    : #1611840297146 | took 2ms | statement | connection 2| url jdbc:h2:mem:test
create sequence hibernate_sequence start with 1 increment by 1
create sequence hibernate_sequence start with 1 increment by 1;
2021-01-28 22:24:57.147 DEBUG 16628 --- [    Test worker] org.hibernate.SQL                        : 
    
    create table category (
       category_id bigint not null,
        name varchar(255),
        parent_id bigint,
        primary key (category_id)
    )
2021-01-28 22:24:57.153  INFO 16628 --- [    Test worker] p6spy                                    : #1611840297153 | took 5ms | statement | connection 2| url jdbc:h2:mem:test

    create table category (
       category_id bigint not null,
        name varchar(255),
        parent_id bigint,
        primary key (category_id)
    )

    create table category (
       category_id bigint not null,
        name varchar(255),
        parent_id bigint,
        primary key (category_id)
    );
2021-01-28 22:24:57.154 DEBUG 16628 --- [    Test worker] org.hibernate.SQL                        : 
    
    create table category_item (
       category_id bigint not null,
        item_id bigint not null
    )
2021-01-28 22:24:57.155  INFO 16628 --- [    Test worker] p6spy                                    : #1611840297155 | took 0ms | statement | connection 2| url jdbc:h2:mem:test

    create table category_item (
       category_id bigint not null,
        item_id bigint not null
    )

    create table category_item (
       category_id bigint not null,
        item_id bigint not null
    );
2021-01-28 22:24:57.155 DEBUG 16628 --- [    Test worker] org.hibernate.SQL                        : 
    
    create table delivery (
       delivery_id bigint not null,
        city varchar(255),
        street varchar(255),
        zipcode varchar(255),
        status varchar(255),
        primary key (delivery_id)
    )
2021-01-28 22:24:57.156  INFO 16628 --- [    Test worker] p6spy                                    : #1611840297156 | took 1ms | statement | connection 2| url jdbc:h2:mem:test

    create table delivery (
       delivery_id bigint not null,
        city varchar(255),
        street varchar(255),
        zipcode varchar(255),
        status varchar(255),
        primary key (delivery_id)
    )

    create table delivery (
       delivery_id bigint not null,
        city varchar(255),
        street varchar(255),
        zipcode varchar(255),
        status varchar(255),
        primary key (delivery_id)
    );
2021-01-28 22:24:57.157 DEBUG 16628 --- [    Test worker] org.hibernate.SQL                        : 
    
    create table item (
       dtype varchar(31) not null,
        item_id bigint not null,
        name varchar(255),
        price integer not null,
        stock_quantity integer not null,
        artist varchar(255),
        etc varchar(255),
        author varchar(255),
        isbn varchar(255),
        primary key (item_id)
    )
2021-01-28 22:24:57.159  INFO 16628 --- [    Test worker] p6spy                                    : #1611840297159 | took 1ms | statement | connection 2| url jdbc:h2:mem:test

    create table item (
       dtype varchar(31) not null,
        item_id bigint not null,
        name varchar(255),
        price integer not null,
        stock_quantity integer not null,
        artist varchar(255),
        etc varchar(255),
        author varchar(255),
        isbn varchar(255),
        primary key (item_id)
    )

    create table item (
       dtype varchar(31) not null,
        item_id bigint not null,
        name varchar(255),
        price integer not null,
        stock_quantity integer not null,
        artist varchar(255),
        etc varchar(255),
        author varchar(255),
        isbn varchar(255),
        primary key (item_id)
    );
2021-01-28 22:24:57.160 DEBUG 16628 --- [    Test worker] org.hibernate.SQL                        : 
    
    create table member (
       member_id bigint not null,
        city varchar(255),
        street varchar(255),
        zipcode varchar(255),
        name varchar(255),
        primary key (member_id)
    )
2021-01-28 22:24:57.161  INFO 16628 --- [    Test worker] p6spy                                    : #1611840297161 | took 1ms | statement | connection 2| url jdbc:h2:mem:test

    create table member (
       member_id bigint not null,
        city varchar(255),
        street varchar(255),
        zipcode varchar(255),
        name varchar(255),
        primary key (member_id)
    )

    create table member (
       member_id bigint not null,
        city varchar(255),
        street varchar(255),
        zipcode varchar(255),
        name varchar(255),
        primary key (member_id)
    );
2021-01-28 22:24:57.162 DEBUG 16628 --- [    Test worker] org.hibernate.SQL                        : 
    
    create table order_item (
       order_item_id bigint not null,
        count integer not null,
        order_price integer not null,
        item_id bigint,
        order_id bigint,
        primary key (order_item_id)
    )
2021-01-28 22:24:57.164  INFO 16628 --- [    Test worker] p6spy                                    : #1611840297164 | took 1ms | statement | connection 2| url jdbc:h2:mem:test

    create table order_item (
       order_item_id bigint not null,
        count integer not null,
        order_price integer not null,
        item_id bigint,
        order_id bigint,
        primary key (order_item_id)
    )

    create table order_item (
       order_item_id bigint not null,
        count integer not null,
        order_price integer not null,
        item_id bigint,
        order_id bigint,
        primary key (order_item_id)
    );
2021-01-28 22:24:57.164 DEBUG 16628 --- [    Test worker] org.hibernate.SQL                        : 
    
    create table orders (
       order_id bigint not null,
        order_date timestamp,
        status varchar(255),
        delivery_id bigint,
        member_id bigint,
        primary key (order_id)
    )
2021-01-28 22:24:57.166  INFO 16628 --- [    Test worker] p6spy                                    : #1611840297166 | took 1ms | statement | connection 2| url jdbc:h2:mem:test

    create table orders (
       order_id bigint not null,
        order_date timestamp,
        status varchar(255),
        delivery_id bigint,
        member_id bigint,
        primary key (order_id)
    )

    create table orders (
       order_id bigint not null,
        order_date timestamp,
        status varchar(255),
        delivery_id bigint,
        member_id bigint,
        primary key (order_id)
    );
2021-01-28 22:24:57.166 DEBUG 16628 --- [    Test worker] org.hibernate.SQL                        : 
    
    alter table category 
       add constraint FK2y94svpmqttx80mshyny85wqr 
       foreign key (parent_id) 
       references category
2021-01-28 22:24:57.173  INFO 16628 --- [    Test worker] p6spy                                    : #1611840297173 | took 7ms | statement | connection 2| url jdbc:h2:mem:test

    alter table category 
       add constraint FK2y94svpmqttx80mshyny85wqr 
       foreign key (parent_id) 
       references category

    alter table category 
       add constraint FK2y94svpmqttx80mshyny85wqr 
       foreign key (parent_id) 
       references category;
2021-01-28 22:24:57.174 DEBUG 16628 --- [    Test worker] org.hibernate.SQL                        : 
    
    alter table category_item 
       add constraint FKu8b4lwqutcdq3363gf6mlujq 
       foreign key (item_id) 
       references item
2021-01-28 22:24:57.176  INFO 16628 --- [    Test worker] p6spy                                    : #1611840297176 | took 1ms | statement | connection 2| url jdbc:h2:mem:test

    alter table category_item 
       add constraint FKu8b4lwqutcdq3363gf6mlujq 
       foreign key (item_id) 
       references item

    alter table category_item 
       add constraint FKu8b4lwqutcdq3363gf6mlujq 
       foreign key (item_id) 
       references item;
2021-01-28 22:24:57.176 DEBUG 16628 --- [    Test worker] org.hibernate.SQL                        : 
    
    alter table category_item 
       add constraint FKcq2n0opf5shyh84ex1fhukcbh 
       foreign key (category_id) 
       references category
2021-01-28 22:24:57.179  INFO 16628 --- [    Test worker] p6spy                                    : #1611840297179 | took 1ms | statement | connection 2| url jdbc:h2:mem:test

    alter table category_item 
       add constraint FKcq2n0opf5shyh84ex1fhukcbh 
       foreign key (category_id) 
       references category

    alter table category_item 
       add constraint FKcq2n0opf5shyh84ex1fhukcbh 
       foreign key (category_id) 
       references category;
2021-01-28 22:24:57.180 DEBUG 16628 --- [    Test worker] org.hibernate.SQL                        : 
    
    alter table order_item 
       add constraint FKija6hjjiit8dprnmvtvgdp6ru 
       foreign key (item_id) 
       references item
2021-01-28 22:24:57.181  INFO 16628 --- [    Test worker] p6spy                                    : #1611840297181 | took 1ms | statement | connection 2| url jdbc:h2:mem:test

    alter table order_item 
       add constraint FKija6hjjiit8dprnmvtvgdp6ru 
       foreign key (item_id) 
       references item

    alter table order_item 
       add constraint FKija6hjjiit8dprnmvtvgdp6ru 
       foreign key (item_id) 
       references item;
2021-01-28 22:24:57.182 DEBUG 16628 --- [    Test worker] org.hibernate.SQL                        : 
    
    alter table order_item 
       add constraint FKt4dc2r9nbvbujrljv3e23iibt 
       foreign key (order_id) 
       references orders
2021-01-28 22:24:57.183  INFO 16628 --- [    Test worker] p6spy                                    : #1611840297183 | took 1ms | statement | connection 2| url jdbc:h2:mem:test

    alter table order_item 
       add constraint FKt4dc2r9nbvbujrljv3e23iibt 
       foreign key (order_id) 
       references orders

    alter table order_item 
       add constraint FKt4dc2r9nbvbujrljv3e23iibt 
       foreign key (order_id) 
       references orders;
2021-01-28 22:24:57.184 DEBUG 16628 --- [    Test worker] org.hibernate.SQL                        : 
    
    alter table orders 
       add constraint FKtkrur7wg4d8ax0pwgo0vmy20c 
       foreign key (delivery_id) 
       references delivery
2021-01-28 22:24:57.185  INFO 16628 --- [    Test worker] p6spy                                    : #1611840297185 | took 1ms | statement | connection 2| url jdbc:h2:mem:test

    alter table orders 
       add constraint FKtkrur7wg4d8ax0pwgo0vmy20c 
       foreign key (delivery_id) 
       references delivery

    alter table orders 
       add constraint FKtkrur7wg4d8ax0pwgo0vmy20c 
       foreign key (delivery_id) 
       references delivery;
2021-01-28 22:24:57.186 DEBUG 16628 --- [    Test worker] org.hibernate.SQL                        : 
    
    alter table orders 
       add constraint FKpktxwhj3x9m4gth5ff6bkqgeb 
       foreign key (member_id) 
       references member
2021-01-28 22:24:57.187  INFO 16628 --- [    Test worker] p6spy                                    : #1611840297187 | took 1ms | statement | connection 2| url jdbc:h2:mem:test

    alter table orders 
       add constraint FKpktxwhj3x9m4gth5ff6bkqgeb 
       foreign key (member_id) 
       references member

    alter table orders 
       add constraint FKpktxwhj3x9m4gth5ff6bkqgeb 
       foreign key (member_id) 
       references member;
2021-01-28 22:24:57.189  INFO 16628 --- [    Test worker] o.h.e.t.j.p.i.JtaPlatformInitiator       : HHH000490: Using JtaPlatform implementation: [org.hibernate.engine.transaction.jta.platform.internal.NoJtaPlatform]
2021-01-28 22:24:57.198 TRACE 16628 --- [    Test worker] o.h.type.spi.TypeConfiguration$Scope     : Handling #sessionFactoryCreated from [org.hibernate.internal.SessionFactoryImpl@68ec7df6] for TypeConfiguration
2021-01-28 22:24:57.201  INFO 16628 --- [    Test worker] j.LocalContainerEntityManagerFactoryBean : Initialized JPA EntityManagerFactory for persistence unit 'default'
2021-01-28 22:24:57.640  WARN 16628 --- [    Test worker] JpaBaseConfiguration$JpaWebConfiguration : spring.jpa.open-in-view is enabled by default. Therefore, database queries may be performed during view rendering. Explicitly configure spring.jpa.open-in-view to disable this warning
2021-01-28 22:24:57.975  INFO 16628 --- [    Test worker] o.s.s.concurrent.ThreadPoolTaskExecutor  : Initializing ExecutorService 'applicationTaskExecutor'
2021-01-28 22:24:58.111  INFO 16628 --- [    Test worker] o.s.b.a.w.s.WelcomePageHandlerMapping    : Adding welcome page: class path resource [static/index.html]
2021-01-28 22:24:58.647  INFO 16628 --- [    Test worker] j.jpashop.service.MemberServiceTest      : Started MemberServiceTest in 5.492 seconds (JVM running for 6.762)
2021-01-28 22:24:58.770  INFO 16628 --- [    Test worker] o.s.t.c.transaction.TransactionContext   : Began transaction (1) for test context [DefaultTestContext@2be064e3 testClass = MemberServiceTest, testInstance = jpabook.jpashop.service.MemberServiceTest@4cee10ca, testMethod = join@MemberServiceTest, testException = [null], mergedContextConfiguration = [WebMergedContextConfiguration@4ebf713b testClass = MemberServiceTest, locations = '{}', classes = '{class jpabook.jpashop.JpashopApplication}', contextInitializerClasses = '[]', activeProfiles = '{}', propertySourceLocations = '{}', propertySourceProperties = '{org.springframework.boot.test.context.SpringBootTestContextBootstrapper=true}', contextCustomizers = set[org.springframework.boot.test.autoconfigure.actuate.metrics.MetricsExportContextCustomizerFactory$DisableMetricExportContextCustomizer@433153e4, org.springframework.boot.test.autoconfigure.properties.PropertyMappingContextCustomizer@0, org.springframework.boot.test.autoconfigure.web.servlet.WebDriverContextCustomizerFactory$Customizer@fa4871b, org.springframework.boot.test.context.filter.ExcludeFilterContextCustomizer@20e91a2b, org.springframework.boot.test.json.DuplicateJsonObjectContextCustomizerFactory$DuplicateJsonObjectContextCustomizer@5fc8cf56, org.springframework.boot.test.mock.mockito.MockitoContextCustomizer@0, org.springframework.boot.test.web.client.TestRestTemplateContextCustomizer@6515db48, org.springframework.boot.test.context.SpringBootTestArgs@1, org.springframework.boot.test.context.SpringBootTestWebEnvironment@7008bbb2], resourceBasePath = 'src/main/webapp', contextLoader = 'org.springframework.boot.test.context.SpringBootContextLoader', parent = [null]], attributes = map['org.springframework.test.context.web.ServletTestExecutionListener.activateListener' -> true, 'org.springframework.test.context.web.ServletTestExecutionListener.populatedRequestContextHolder' -> true, 'org.springframework.test.context.web.ServletTestExecutionListener.resetRequestContextHolder' -> true, 'org.springframework.test.context.event.ApplicationEventsTestExecutionListener.recordApplicationEvents' -> false]]; transaction manager [org.springframework.orm.jpa.JpaTransactionManager@3ffc728c]; rollback [false]
2021-01-28 22:24:59.139 DEBUG 16628 --- [    Test worker] org.hibernate.SQL                        : 
    select
        member0_.member_id as member_i1_4_,
        member0_.city as city2_4_,
        member0_.street as street3_4_,
        member0_.zipcode as zipcode4_4_,
        member0_.name as name5_4_ 
    from
        member member0_ 
    where
        member0_.name=?
2021-01-28 22:24:59.146 TRACE 16628 --- [    Test worker] o.h.type.descriptor.sql.BasicBinder      : binding parameter [1] as [VARCHAR] - [kim]
2021-01-28 22:24:59.153  INFO 16628 --- [    Test worker] p6spy                                    : #1611840299153 | took 3ms | statement | connection 3| url jdbc:h2:mem:test
select member0_.member_id as member_i1_4_, member0_.city as city2_4_, member0_.street as street3_4_, member0_.zipcode as zipcode4_4_, member0_.name as name5_4_ from member member0_ where member0_.name=?
select member0_.member_id as member_i1_4_, member0_.city as city2_4_, member0_.street as street3_4_, member0_.zipcode as zipcode4_4_, member0_.name as name5_4_ from member member0_ where member0_.name='kim';
2021-01-28 22:24:59.163 DEBUG 16628 --- [    Test worker] org.hibernate.SQL                        : 
    call next value for hibernate_sequence
2021-01-28 22:24:59.165  INFO 16628 --- [    Test worker] p6spy                                    : #1611840299165 | took 1ms | statement | connection 3| url jdbc:h2:mem:test
call next value for hibernate_sequence
call next value for hibernate_sequence;
2021-01-28 22:24:59.225 DEBUG 16628 --- [    Test worker] org.hibernate.SQL                        : 
    insert 
    into
        member
        (city, street, zipcode, name, member_id) 
    values
        (?, ?, ?, ?, ?)
2021-01-28 22:24:59.225 TRACE 16628 --- [    Test worker] o.h.type.descriptor.sql.BasicBinder      : binding parameter [1] as [VARCHAR] - [null]
2021-01-28 22:24:59.225 TRACE 16628 --- [    Test worker] o.h.type.descriptor.sql.BasicBinder      : binding parameter [2] as [VARCHAR] - [null]
2021-01-28 22:24:59.225 TRACE 16628 --- [    Test worker] o.h.type.descriptor.sql.BasicBinder      : binding parameter [3] as [VARCHAR] - [null]
2021-01-28 22:24:59.226 TRACE 16628 --- [    Test worker] o.h.type.descriptor.sql.BasicBinder      : binding parameter [4] as [VARCHAR] - [kim]
2021-01-28 22:24:59.226 TRACE 16628 --- [    Test worker] o.h.type.descriptor.sql.BasicBinder      : binding parameter [5] as [BIGINT] - [1]
2021-01-28 22:24:59.227  INFO 16628 --- [    Test worker] p6spy                                    : #1611840299227 | took 0ms | statement | connection 3| url jdbc:h2:mem:test
insert into member (city, street, zipcode, name, member_id) values (?, ?, ?, ?, ?)
insert into member (city, street, zipcode, name, member_id) values (NULL, NULL, NULL, 'kim', 1);
2021-01-28 22:24:59.233  INFO 16628 --- [    Test worker] p6spy                                    : #1611840299232 | took 0ms | commit | connection 3| url jdbc:h2:mem:test

;
2021-01-28 22:24:59.235  INFO 16628 --- [    Test worker] o.s.t.c.transaction.TransactionContext   : Committed transaction for test: [DefaultTestContext@2be064e3 testClass = MemberServiceTest, testInstance = jpabook.jpashop.service.MemberServiceTest@4cee10ca, testMethod = join@MemberServiceTest, testException = [null], mergedContextConfiguration = [WebMergedContextConfiguration@4ebf713b testClass = MemberServiceTest, locations = '{}', classes = '{class jpabook.jpashop.JpashopApplication}', contextInitializerClasses = '[]', activeProfiles = '{}', propertySourceLocations = '{}', propertySourceProperties = '{org.springframework.boot.test.context.SpringBootTestContextBootstrapper=true}', contextCustomizers = set[org.springframework.boot.test.autoconfigure.actuate.metrics.MetricsExportContextCustomizerFactory$DisableMetricExportContextCustomizer@433153e4, org.springframework.boot.test.autoconfigure.properties.PropertyMappingContextCustomizer@0, org.springframework.boot.test.autoconfigure.web.servlet.WebDriverContextCustomizerFactory$Customizer@fa4871b, org.springframework.boot.test.context.filter.ExcludeFilterContextCustomizer@20e91a2b, org.springframework.boot.test.json.DuplicateJsonObjectContextCustomizerFactory$DuplicateJsonObjectContextCustomizer@5fc8cf56, org.springframework.boot.test.mock.mockito.MockitoContextCustomizer@0, org.springframework.boot.test.web.client.TestRestTemplateContextCustomizer@6515db48, org.springframework.boot.test.context.SpringBootTestArgs@1, org.springframework.boot.test.context.SpringBootTestWebEnvironment@7008bbb2], resourceBasePath = 'src/main/webapp', contextLoader = 'org.springframework.boot.test.context.SpringBootContextLoader', parent = [null]], attributes = map['org.springframework.test.context.web.ServletTestExecutionListener.activateListener' -> true, 'org.springframework.test.context.web.ServletTestExecutionListener.populatedRequestContextHolder' -> true, 'org.springframework.test.context.web.ServletTestExecutionListener.resetRequestContextHolder' -> true, 'org.springframework.test.context.event.ApplicationEventsTestExecutionListener.recordApplicationEvents' -> false]]
2021-01-28 22:24:59.240  INFO 16628 --- [    Test worker] o.s.t.c.transaction.TransactionContext   : Began transaction (1) for test context [DefaultTestContext@2be064e3 testClass = MemberServiceTest, testInstance = jpabook.jpashop.service.MemberServiceTest@2a98fcc2, testMethod = 以묐났_�쉶�썝_�삁�쇅@MemberServiceTest, testException = [null], mergedContextConfiguration = [WebMergedContextConfiguration@4ebf713b testClass = MemberServiceTest, locations = '{}', classes = '{class jpabook.jpashop.JpashopApplication}', contextInitializerClasses = '[]', activeProfiles = '{}', propertySourceLocations = '{}', propertySourceProperties = '{org.springframework.boot.test.context.SpringBootTestContextBootstrapper=true}', contextCustomizers = set[org.springframework.boot.test.autoconfigure.actuate.metrics.MetricsExportContextCustomizerFactory$DisableMetricExportContextCustomizer@433153e4, org.springframework.boot.test.autoconfigure.properties.PropertyMappingContextCustomizer@0, org.springframework.boot.test.autoconfigure.web.servlet.WebDriverContextCustomizerFactory$Customizer@fa4871b, org.springframework.boot.test.context.filter.ExcludeFilterContextCustomizer@20e91a2b, org.springframework.boot.test.json.DuplicateJsonObjectContextCustomizerFactory$DuplicateJsonObjectContextCustomizer@5fc8cf56, org.springframework.boot.test.mock.mockito.MockitoContextCustomizer@0, org.springframework.boot.test.web.client.TestRestTemplateContextCustomizer@6515db48, org.springframework.boot.test.context.SpringBootTestArgs@1, org.springframework.boot.test.context.SpringBootTestWebEnvironment@7008bbb2], resourceBasePath = 'src/main/webapp', contextLoader = 'org.springframework.boot.test.context.SpringBootContextLoader', parent = [null]], attributes = map['org.springframework.test.context.web.ServletTestExecutionListener.activateListener' -> true, 'org.springframework.test.context.web.ServletTestExecutionListener.populatedRequestContextHolder' -> true, 'org.springframework.test.context.web.ServletTestExecutionListener.resetRequestContextHolder' -> true, 'org.springframework.test.context.event.ApplicationEventsTestExecutionListener.recordApplicationEvents' -> false]]; transaction manager [org.springframework.orm.jpa.JpaTransactionManager@3ffc728c]; rollback [true]
2021-01-28 22:24:59.243 DEBUG 16628 --- [    Test worker] org.hibernate.SQL                        : 
    select
        member0_.member_id as member_i1_4_,
        member0_.city as city2_4_,
        member0_.street as street3_4_,
        member0_.zipcode as zipcode4_4_,
        member0_.name as name5_4_ 
    from
        member member0_ 
    where
        member0_.name=?
2021-01-28 22:24:59.243 TRACE 16628 --- [    Test worker] o.h.type.descriptor.sql.BasicBinder      : binding parameter [1] as [VARCHAR] - [kim]
2021-01-28 22:24:59.244  INFO 16628 --- [    Test worker] p6spy                                    : #1611840299244 | took 0ms | statement | connection 4| url jdbc:h2:mem:test
select member0_.member_id as member_i1_4_, member0_.city as city2_4_, member0_.street as street3_4_, member0_.zipcode as zipcode4_4_, member0_.name as name5_4_ from member member0_ where member0_.name=?
select member0_.member_id as member_i1_4_, member0_.city as city2_4_, member0_.street as street3_4_, member0_.zipcode as zipcode4_4_, member0_.name as name5_4_ from member member0_ where member0_.name='kim';
2021-01-28 22:24:59.246 TRACE 16628 --- [    Test worker] o.h.type.descriptor.sql.BasicExtractor   : extracted value ([member_i1_4_] : [BIGINT]) - [1]
2021-01-28 22:24:59.249 TRACE 16628 --- [    Test worker] o.h.type.descriptor.sql.BasicExtractor   : extracted value ([city2_4_] : [VARCHAR]) - [null]
2021-01-28 22:24:59.249 TRACE 16628 --- [    Test worker] o.h.type.descriptor.sql.BasicExtractor   : extracted value ([street3_4_] : [VARCHAR]) - [null]
2021-01-28 22:24:59.249 TRACE 16628 --- [    Test worker] o.h.type.descriptor.sql.BasicExtractor   : extracted value ([zipcode4_4_] : [VARCHAR]) - [null]
2021-01-28 22:24:59.249 TRACE 16628 --- [    Test worker] o.h.type.descriptor.sql.BasicExtractor   : extracted value ([name5_4_] : [VARCHAR]) - [kim]
2021-01-28 22:24:59.254 TRACE 16628 --- [    Test worker] org.hibernate.type.CollectionType        : Created collection wrapper: [jpabook.jpashop.domain.Member.orders#1]
2021-01-28 22:24:59.257  INFO 16628 --- [    Test worker] p6spy                                    : #1611840299257 | took 0ms | rollback | connection 4| url jdbc:h2:mem:test

;
2021-01-28 22:24:59.259  INFO 16628 --- [    Test worker] o.s.t.c.transaction.TransactionContext   : Rolled back transaction for test: [DefaultTestContext@2be064e3 testClass = MemberServiceTest, testInstance = jpabook.jpashop.service.MemberServiceTest@2a98fcc2, testMethod = 以묐났_�쉶�썝_�삁�쇅@MemberServiceTest, testException = [null], mergedContextConfiguration = [WebMergedContextConfiguration@4ebf713b testClass = MemberServiceTest, locations = '{}', classes = '{class jpabook.jpashop.JpashopApplication}', contextInitializerClasses = '[]', activeProfiles = '{}', propertySourceLocations = '{}', propertySourceProperties = '{org.springframework.boot.test.context.SpringBootTestContextBootstrapper=true}', contextCustomizers = set[org.springframework.boot.test.autoconfigure.actuate.metrics.MetricsExportContextCustomizerFactory$DisableMetricExportContextCustomizer@433153e4, org.springframework.boot.test.autoconfigure.properties.PropertyMappingContextCustomizer@0, org.springframework.boot.test.autoconfigure.web.servlet.WebDriverContextCustomizerFactory$Customizer@fa4871b, org.springframework.boot.test.context.filter.ExcludeFilterContextCustomizer@20e91a2b, org.springframework.boot.test.json.DuplicateJsonObjectContextCustomizerFactory$DuplicateJsonObjectContextCustomizer@5fc8cf56, org.springframework.boot.test.mock.mockito.MockitoContextCustomizer@0, org.springframework.boot.test.web.client.TestRestTemplateContextCustomizer@6515db48, org.springframework.boot.test.context.SpringBootTestArgs@1, org.springframework.boot.test.context.SpringBootTestWebEnvironment@7008bbb2], resourceBasePath = 'src/main/webapp', contextLoader = 'org.springframework.boot.test.context.SpringBootContextLoader', parent = [null]], attributes = map['org.springframework.test.context.web.ServletTestExecutionListener.activateListener' -> true, 'org.springframework.test.context.web.ServletTestExecutionListener.populatedRequestContextHolder' -> true, 'org.springframework.test.context.web.ServletTestExecutionListener.resetRequestContextHolder' -> true, 'org.springframework.test.context.event.ApplicationEventsTestExecutionListener.recordApplicationEvents' -> false]]
]]></system-out>
  <system-err><![CDATA[]]></system-err>
</testsuite>
